TN:
SF:/Users/sguiheux/src/github.com/ovh/cds/ui/src/polyfills.ts
FNF:0
FNH:0
DA:22,1
DA:23,1
DA:24,1
DA:25,1
DA:26,1
DA:27,1
DA:28,1
DA:29,1
DA:30,1
DA:31,1
DA:32,1
DA:33,1
DA:34,1
DA:44,1
DA:45,1
DA:56,1
DA:59,1
LF:17
LH:17
BRF:0
BRH:0
end_of_record
TN:
SF:/Users/sguiheux/src/github.com/ovh/cds/ui/src/test_service.ts
FNF:0
FNH:0
DA:3,1
DA:4,1
DA:5,1
DA:6,1
DA:7,1
DA:8,1
DA:9,1
DA:10,1
DA:18,1
DA:24,1
DA:26,1
LF:11
LH:11
BRF:0
BRH:0
end_of_record
TN:
SF:/Users/sguiheux/src/github.com/ovh/cds/ui/src/app/app.component.ts
FN:30,(anonymous_2)
FN:52,AppComponent
FN:65,(anonymous_4)
FN:76,(anonymous_5)
FN:77,(anonymous_6)
FN:89,(anonymous_7)
FN:90,(anonymous_8)
FN:100,(anonymous_9)
FN:101,(anonymous_10)
FN:102,(anonymous_11)
FN:111,(anonymous_12)
FN:112,(anonymous_13)
FN:113,(anonymous_14)
FN:126,(anonymous_15)
FN:135,(anonymous_16)
FN:162,(anonymous_17)
FN:166,(anonymous_18)
FN:173,(anonymous_19)
FN:177,(anonymous_20)
FN:179,(anonymous_21)
FN:192,(anonymous_22)
FN:193,(anonymous_23)
FNF:22
FNH:1
FNDA:1,(anonymous_2)
FNDA:0,AppComponent
FNDA:0,(anonymous_4)
FNDA:0,(anonymous_5)
FNDA:0,(anonymous_6)
FNDA:0,(anonymous_7)
FNDA:0,(anonymous_8)
FNDA:0,(anonymous_9)
FNDA:0,(anonymous_10)
FNDA:0,(anonymous_11)
FNDA:0,(anonymous_12)
FNDA:0,(anonymous_13)
FNDA:0,(anonymous_14)
FNDA:0,(anonymous_15)
FNDA:0,(anonymous_16)
FNDA:0,(anonymous_17)
FNDA:0,(anonymous_18)
FNDA:0,(anonymous_19)
FNDA:0,(anonymous_20)
FNDA:0,(anonymous_21)
FNDA:0,(anonymous_22)
FNDA:0,(anonymous_23)
DA:1,1
DA:2,1
DA:3,1
DA:4,1
DA:5,1
DA:6,1
DA:7,1
DA:8,1
DA:9,1
DA:11,1
DA:12,1
DA:13,1
DA:15,1
DA:16,1
DA:17,1
DA:18,1
DA:19,1
DA:20,1
DA:21,1
DA:30,1
DA:33,0
DA:40,0
DA:41,0
DA:49,0
DA:52,0
DA:53,0
DA:54,0
DA:55,0
DA:56,0
DA:57,0
DA:58,0
DA:59,0
DA:60,0
DA:61,0
DA:62,0
DA:63,0
DA:65,0
DA:66,0
DA:67,0
DA:69,0
DA:73,0
DA:76,1
DA:77,0
DA:78,0
DA:79,0
DA:80,0
DA:82,0
DA:83,0
DA:85,0
DA:88,0
DA:89,0
DA:91,0
DA:92,0
DA:94,0
DA:95,0
DA:99,0
DA:100,0
DA:101,0
DA:103,0
DA:104,0
DA:105,0
DA:106,0
DA:108,0
DA:109,0
DA:111,0
DA:112,0
DA:114,0
DA:115,0
DA:117,0
DA:118,0
DA:119,0
DA:121,0
DA:126,1
DA:127,0
DA:128,0
DA:130,0
DA:131,0
DA:135,1
DA:139,0
DA:140,0
DA:141,0
DA:142,0
DA:144,0
DA:145,0
DA:148,0
DA:149,0
DA:151,0
DA:154,0
DA:162,0
DA:163,0
DA:164,0
DA:166,0
DA:167,0
DA:173,1
DA:174,0
DA:175,0
DA:176,0
DA:177,0
DA:178,0
DA:179,0
DA:180,0
DA:181,0
DA:182,0
DA:184,0
DA:185,0
DA:192,1
DA:193,0
DA:194,0
DA:197,1
LF:109
LH:26
BRDA:61,0,0,0
BRDA:61,0,1,0
BRDA:62,1,0,0
BRDA:62,1,1,0
BRDA:63,2,0,0
BRDA:63,2,1,0
BRDA:66,3,0,0
BRDA:66,3,1,0
BRDA:69,4,0,0
BRDA:69,4,1,0
BRDA:78,5,0,0
BRDA:78,5,1,0
BRDA:89,6,0,0
BRDA:89,6,1,0
BRDA:91,7,0,0
BRDA:91,7,1,0
BRDA:94,8,0,0
BRDA:94,8,1,0
BRDA:114,9,0,0
BRDA:114,9,1,0
BRDA:114,10,0,0
BRDA:114,10,1,0
BRDA:117,11,0,0
BRDA:117,11,1,0
BRDA:127,12,0,0
BRDA:127,12,1,0
BRDA:130,13,0,0
BRDA:130,13,1,0
BRDA:140,14,0,0
BRDA:140,14,1,0
BRDA:148,15,0,0
BRDA:148,15,1,0
BRDA:163,16,0,0
BRDA:163,16,1,0
BRDA:178,17,0,0
BRDA:178,17,1,0
BRDA:181,18,0,0
BRDA:181,18,1,0
BRDA:184,19,0,0
BRDA:184,19,1,0
BRF:40
BRH:0
end_of_record
TN:
SF:/Users/sguiheux/src/github.com/ovh/cds/ui/src/app/app.module.ts
FN:43,(anonymous_1)
FN:46,createTranslateLoader
FNF:2
FNH:2
FNDA:22,(anonymous_1)
FNDA:1,createTranslateLoader
DA:1,1
DA:2,1
DA:3,1
DA:4,1
DA:5,1
DA:6,1
DA:7,1
DA:8,1
DA:9,1
DA:10,1
DA:11,1
DA:12,1
DA:43,1
DA:44,1
DA:46,1
DA:47,1
LF:16
LH:16
BRDA:39,0,0,0
BRDA:39,0,1,1
BRF:2
BRH:1
end_of_record
TN:
SF:/Users/sguiheux/src/github.com/ovh/cds/ui/src/app/app.routing.ts
FNF:0
FNH:0
DA:2,1
DA:4,1
DA:15,1
LF:3
LH:3
BRF:0
BRH:0
end_of_record
TN:
SF:/Users/sguiheux/src/github.com/ovh/cds/ui/src/app/app.service.ts
FN:23,(anonymous_2)
FN:31,AppService
FN:37,(anonymous_4)
FN:42,(anonymous_5)
FN:46,(anonymous_6)
FN:75,(anonymous_7)
FN:80,(anonymous_8)
FN:82,(anonymous_9)
FN:97,(anonymous_10)
FN:98,(anonymous_11)
FN:142,(anonymous_12)
FN:147,(anonymous_13)
FN:154,(anonymous_14)
FN:183,(anonymous_15)
FN:190,(anonymous_16)
FN:216,(anonymous_17)
FN:222,(anonymous_18)
FN:248,(anonymous_19)
FN:266,(anonymous_20)
FNF:19
FNH:1
FNDA:1,(anonymous_2)
FNDA:0,AppService
FNDA:0,(anonymous_4)
FNDA:0,(anonymous_5)
FNDA:0,(anonymous_6)
FNDA:0,(anonymous_7)
FNDA:0,(anonymous_8)
FNDA:0,(anonymous_9)
FNDA:0,(anonymous_10)
FNDA:0,(anonymous_11)
FNDA:0,(anonymous_12)
FNDA:0,(anonymous_13)
FNDA:0,(anonymous_14)
FNDA:0,(anonymous_15)
FNDA:0,(anonymous_16)
FNDA:0,(anonymous_17)
FNDA:0,(anonymous_18)
FNDA:0,(anonymous_19)
FNDA:0,(anonymous_20)
DA:1,1
DA:2,1
DA:3,1
DA:4,1
DA:5,1
DA:7,1
DA:8,1
DA:9,1
DA:11,1
DA:12,1
DA:13,1
DA:14,1
DA:15,1
DA:16,1
DA:17,1
DA:18,1
DA:19,1
DA:20,1
DA:23,1
DA:31,0
DA:32,0
DA:33,0
DA:34,0
DA:35,0
DA:36,0
DA:37,0
DA:38,0
DA:42,1
DA:43,0
DA:46,1
DA:47,0
DA:48,0
DA:50,0
DA:59,0
DA:61,0
DA:62,0
DA:63,0
DA:64,0
DA:65,0
DA:66,0
DA:67,0
DA:68,0
DA:69,0
DA:70,0
DA:72,0
DA:75,1
DA:76,0
DA:77,0
DA:79,0
DA:80,0
DA:81,0
DA:82,0
DA:83,0
DA:84,0
DA:89,0
DA:90,0
DA:91,0
DA:97,1
DA:98,0
DA:100,0
DA:101,0
DA:102,0
DA:106,0
DA:108,0
DA:109,0
DA:110,0
DA:111,0
DA:115,0
DA:116,0
DA:119,0
DA:120,0
DA:121,0
DA:124,0
DA:125,0
DA:126,0
DA:127,0
DA:128,0
DA:129,0
DA:130,0
DA:131,0
DA:132,0
DA:133,0
DA:134,0
DA:135,0
DA:136,0
DA:137,0
DA:138,0
DA:139,0
DA:140,0
DA:142,0
DA:147,1
DA:148,0
DA:149,0
DA:150,0
DA:151,0
DA:154,0
DA:155,0
DA:156,0
DA:159,0
DA:160,0
DA:164,0
DA:167,0
DA:168,0
DA:169,0
DA:170,0
DA:173,0
DA:174,0
DA:177,0
DA:183,1
DA:184,0
DA:185,0
DA:186,0
DA:187,0
DA:190,0
DA:191,0
DA:192,0
DA:195,0
DA:196,0
DA:200,0
DA:202,0
DA:203,0
DA:204,0
DA:205,0
DA:208,0
DA:209,0
DA:212,0
DA:216,1
DA:217,0
DA:218,0
DA:219,0
DA:220,0
DA:222,0
DA:223,0
DA:224,0
DA:227,0
DA:228,0
DA:232,0
DA:234,0
DA:235,0
DA:236,0
DA:237,0
DA:240,0
DA:241,0
DA:244,0
DA:248,1
DA:249,0
DA:250,0
DA:252,0
DA:254,0
DA:255,0
DA:256,0
DA:258,0
DA:259,0
DA:260,0
DA:262,0
DA:266,1
DA:267,0
DA:269,0
DA:270,0
DA:271,0
DA:273,0
DA:275,0
DA:276,0
DA:277,0
DA:279,0
DA:281,0
DA:282,0
DA:285,1
LF:168
LH:29
BRDA:47,0,0,0
BRDA:47,0,1,0
BRDA:50,1,0,0
BRDA:50,1,1,0
BRDA:50,2,0,0
BRDA:50,2,1,0
BRDA:50,2,2,0
BRDA:50,2,3,0
BRDA:50,2,4,0
BRDA:50,2,5,0
BRDA:50,2,6,0
BRDA:50,2,7,0
BRDA:50,2,8,0
BRDA:50,2,9,0
BRDA:50,2,10,0
BRDA:50,2,11,0
BRDA:50,2,12,0
BRDA:50,2,13,0
BRDA:50,2,14,0
BRDA:61,3,0,0
BRDA:61,3,1,0
BRDA:63,4,0,0
BRDA:63,4,1,0
BRDA:65,5,0,0
BRDA:65,5,1,0
BRDA:67,6,0,0
BRDA:67,6,1,0
BRDA:69,7,0,0
BRDA:69,7,1,0
BRDA:76,8,0,0
BRDA:76,8,1,0
BRDA:79,9,0,0
BRDA:79,9,1,0
BRDA:79,10,0,0
BRDA:79,10,1,0
BRDA:81,11,0,0
BRDA:81,11,1,0
BRDA:83,12,0,0
BRDA:83,12,1,0
BRDA:89,13,0,0
BRDA:89,13,1,0
BRDA:101,14,0,0
BRDA:101,14,1,0
BRDA:106,15,0,0
BRDA:106,15,1,0
BRDA:106,16,0,0
BRDA:106,16,1,0
BRDA:108,17,0,0
BRDA:108,17,1,0
BRDA:119,18,0,0
BRDA:119,18,1,0
BRDA:125,19,0,0
BRDA:125,19,1,0
BRDA:127,20,0,0
BRDA:127,20,1,0
BRDA:129,21,0,0
BRDA:129,21,1,0
BRDA:131,22,0,0
BRDA:131,22,1,0
BRDA:133,23,0,0
BRDA:133,23,1,0
BRDA:135,24,0,0
BRDA:135,24,1,0
BRDA:137,25,0,0
BRDA:137,25,1,0
BRDA:139,26,0,0
BRDA:139,26,1,0
BRDA:149,27,0,0
BRDA:149,27,1,0
BRDA:155,28,0,0
BRDA:155,28,1,0
BRDA:159,29,0,0
BRDA:159,29,1,0
BRDA:164,30,0,0
BRDA:164,30,1,0
BRDA:164,31,0,0
BRDA:164,31,1,0
BRDA:164,31,2,0
BRDA:167,32,0,0
BRDA:167,32,1,0
BRDA:185,33,0,0
BRDA:185,33,1,0
BRDA:191,34,0,0
BRDA:191,34,1,0
BRDA:195,35,0,0
BRDA:195,35,1,0
BRDA:200,36,0,0
BRDA:200,36,1,0
BRDA:200,37,0,0
BRDA:200,37,1,0
BRDA:200,37,2,0
BRDA:202,38,0,0
BRDA:202,38,1,0
BRDA:218,39,0,0
BRDA:218,39,1,0
BRDA:223,40,0,0
BRDA:223,40,1,0
BRDA:227,41,0,0
BRDA:227,41,1,0
BRDA:232,42,0,0
BRDA:232,42,1,0
BRDA:232,43,0,0
BRDA:232,43,1,0
BRDA:232,43,2,0
BRDA:234,44,0,0
BRDA:234,44,1,0
BRDA:249,45,0,0
BRDA:249,45,1,0
BRDA:249,46,0,0
BRDA:249,46,1,0
BRDA:253,47,0,0
BRDA:253,47,1,0
BRDA:258,48,0,0
BRDA:258,48,1,0
BRDA:268,49,0,0
BRDA:268,49,1,0
BRDA:268,49,2,0
BRDA:270,50,0,0
BRDA:270,50,1,0
BRDA:276,51,0,0
BRDA:276,51,1,0
BRF:121
BRH:0
end_of_record
TN:
SF:/Users/sguiheux/src/github.com/ovh/cds/ui/src/app/model/action.model.ts
FN:4,(anonymous_0)
FN:24,(anonymous_2)
FN:35,(anonymous_4)
FNF:3
FNH:3
FNDA:7,(anonymous_0)
FNDA:1,(anonymous_2)
FNDA:1,(anonymous_4)
DA:4,1
DA:8,6
DA:22,1
DA:24,1
DA:33,1
DA:35,1
DA:38,1
LF:7
LH:7
BRF:0
BRH:0
end_of_record
TN:
SF:/Users/sguiheux/src/github.com/ovh/cds/ui/src/app/model/application.model.ts
FN:16,(anonymous_0)
FN:46,(anonymous_2)
FN:58,(anonymous_3)
FNF:3
FNH:2
FNDA:43,(anonymous_0)
FNDA:0,(anonymous_2)
FNDA:1,(anonymous_3)
DA:14,1
DA:16,1
DA:46,1
DA:47,0
DA:48,0
DA:51,0
DA:52,0
DA:54,0
DA:56,1
DA:58,1
DA:63,1
LF:11
LH:6
BRDA:47,0,0,0
BRDA:47,0,1,0
BRDA:51,1,0,0
BRDA:51,1,1,0
BRF:4
BRH:0
end_of_record
TN:
SF:/Users/sguiheux/src/github.com/ovh/cds/ui/src/app/model/application.workflow.model.ts
FN:10,(anonymous_0)
FN:35,(anonymous_2)
FNF:2
FNH:2
FNDA:1,(anonymous_0)
FNDA:1,(anonymous_2)
DA:10,1
DA:24,1
DA:35,1
DA:40,1
LF:4
LH:4
BRF:0
BRH:0
end_of_record
TN:
SF:/Users/sguiheux/src/github.com/ovh/cds/ui/src/app/model/broadcast.model.ts
FN:1,(anonymous_0)
FN:14,(anonymous_2)
FN:29,(anonymous_3)
FNF:3
FNH:2
FNDA:1,(anonymous_0)
FNDA:0,(anonymous_2)
FNDA:1,(anonymous_3)
DA:1,1
DA:14,1
DA:15,0
DA:16,0
DA:17,0
DA:18,0
DA:19,0
DA:20,0
DA:21,0
DA:22,0
DA:23,0
DA:24,0
DA:25,0
DA:27,1
DA:29,1
DA:39,1
LF:16
LH:5
BRF:0
BRH:0
end_of_record
TN:
SF:/Users/sguiheux/src/github.com/ovh/cds/ui/src/app/model/environment.model.ts
FN:5,(anonymous_0)
FNF:1
FNH:1
FNDA:14,(anonymous_0)
DA:5,1
DA:15,1
LF:2
LH:2
BRF:0
BRH:0
end_of_record
TN:
SF:/Users/sguiheux/src/github.com/ovh/cds/ui/src/app/model/event.model.ts
FN:1,(anonymous_0)
FN:20,(anonymous_2)
FNF:2
FNH:2
FNDA:1,(anonymous_0)
FNDA:1,(anonymous_2)
DA:1,1
DA:18,1
DA:20,1
DA:21,1
DA:22,1
DA:23,1
DA:24,1
DA:25,1
DA:26,1
DA:28,1
DA:30,1
DA:31,1
DA:32,1
DA:33,1
DA:35,1
DA:36,1
DA:37,1
DA:38,1
DA:39,1
DA:41,1
DA:42,1
DA:43,1
DA:44,1
DA:46,1
DA:47,1
DA:49,1
DA:50,1
DA:51,1
DA:52,1
DA:54,1
DA:55,1
LF:31
LH:31
BRF:0
BRH:0
end_of_record
TN:
SF:/Users/sguiheux/src/github.com/ovh/cds/ui/src/app/model/group.model.ts
FN:6,(anonymous_0)
FN:13,Group
FN:21,(anonymous_2)
FN:25,Groups
FN:31,(anonymous_4)
FN:39,GroupPermission
FNF:6
FNH:5
FNDA:1,(anonymous_0)
FNDA:18,Group
FNDA:1,(anonymous_2)
FNDA:0,Groups
FNDA:1,(anonymous_4)
FNDA:10,GroupPermission
DA:4,1
DA:6,1
DA:14,18
DA:15,18
DA:16,18
DA:17,18
DA:19,1
DA:21,1
DA:26,0
DA:27,0
DA:29,1
DA:31,1
DA:36,10
DA:37,10
DA:40,10
DA:41,10
DA:43,1
LF:17
LH:15
BRF:0
BRH:0
end_of_record
TN:
SF:/Users/sguiheux/src/github.com/ovh/cds/ui/src/app/model/job.model.ts
FN:3,(anonymous_0)
FN:15,Job
FN:20,(anonymous_2)
FNF:3
FNH:3
FNDA:1,(anonymous_0)
FNDA:3,Job
FNDA:1,(anonymous_2)
DA:1,1
DA:3,1
DA:16,3
DA:18,1
DA:20,1
DA:25,1
LF:6
LH:6
BRF:0
BRH:0
end_of_record
TN:
SF:/Users/sguiheux/src/github.com/ovh/cds/ui/src/app/model/keys.model.ts
FN:1,(anonymous_0)
FN:6,(anonymous_2)
FN:9,(anonymous_3)
FN:9,(anonymous_4)
FN:10,(anonymous_5)
FN:10,(anonymous_6)
FN:13,(anonymous_7)
FN:13,(anonymous_8)
FN:14,(anonymous_9)
FN:14,(anonymous_10)
FN:17,(anonymous_11)
FN:17,(anonymous_12)
FN:18,(anonymous_13)
FN:18,(anonymous_14)
FN:24,(anonymous_15)
FN:28,AllKeys
FN:34,(anonymous_17)
FN:43,Key
FN:48,(anonymous_19)
FN:52,(anonymous_21)
FNF:20
FNH:4
FNDA:1,(anonymous_0)
FNDA:0,(anonymous_2)
FNDA:0,(anonymous_3)
FNDA:0,(anonymous_4)
FNDA:0,(anonymous_5)
FNDA:0,(anonymous_6)
FNDA:0,(anonymous_7)
FNDA:0,(anonymous_8)
FNDA:0,(anonymous_9)
FNDA:0,(anonymous_10)
FNDA:0,(anonymous_11)
FNDA:0,(anonymous_12)
FNDA:0,(anonymous_13)
FNDA:0,(anonymous_14)
FNDA:1,(anonymous_15)
FNDA:0,AllKeys
FNDA:1,(anonymous_17)
FNDA:0,Key
FNDA:1,(anonymous_19)
FNDA:0,(anonymous_21)
DA:1,1
DA:6,1
DA:7,0
DA:8,0
DA:9,0
DA:10,0
DA:12,0
DA:13,0
DA:14,0
DA:16,0
DA:17,0
DA:18,0
DA:20,0
DA:22,1
DA:24,1
DA:29,0
DA:30,0
DA:32,1
DA:34,1
DA:44,0
DA:46,1
DA:48,1
DA:49,1
DA:50,1
DA:52,1
DA:53,0
DA:54,0
DA:55,0
DA:56,0
DA:58,1
LF:30
LH:12
BRDA:8,0,0,0
BRDA:8,0,1,0
BRDA:12,1,0,0
BRDA:12,1,1,0
BRDA:16,2,0,0
BRDA:16,2,1,0
BRF:6
BRH:0
end_of_record
TN:
SF:/Users/sguiheux/src/github.com/ovh/cds/ui/src/app/model/navbar.model.ts
FN:1,(anonymous_0)
FN:5,(anonymous_2)
FN:14,(anonymous_4)
FN:19,(anonymous_6)
FNF:4
FNH:4
FNDA:1,(anonymous_0)
FNDA:1,(anonymous_2)
FNDA:1,(anonymous_4)
FNDA:1,(anonymous_6)
DA:1,1
DA:3,1
DA:5,1
DA:12,1
DA:14,1
DA:17,1
DA:19,1
DA:25,1
LF:8
LH:8
BRF:0
BRH:0
end_of_record
TN:
SF:/Users/sguiheux/src/github.com/ovh/cds/ui/src/app/model/notification.model.ts
FN:8,(anonymous_0)
FN:17,Notification
FN:22,(anonymous_2)
FN:31,UserNotificationSettings
FN:42,(anonymous_4)
FN:46,UserNotificationTemplate
FNF:6
FNH:3
FNDA:1,(anonymous_0)
FNDA:0,Notification
FNDA:1,(anonymous_2)
FNDA:0,UserNotificationSettings
FNDA:1,(anonymous_4)
FNDA:0,UserNotificationTemplate
DA:4,1
DA:5,1
DA:6,1
DA:8,1
DA:15,0
DA:18,0
DA:20,1
DA:22,1
DA:32,0
DA:33,0
DA:34,0
DA:35,0
DA:36,0
DA:37,0
DA:38,0
DA:40,1
DA:42,1
DA:47,0
DA:48,0
DA:56,1
LF:20
LH:9
BRF:0
BRH:0
end_of_record
TN:
SF:/Users/sguiheux/src/github.com/ovh/cds/ui/src/app/model/operation.model.ts
FN:3,(anonymous_0)
FN:7,PerformAsCodeResponse
FN:10,(anonymous_2)
FN:22,Operation
FN:29,(anonymous_4)
FN:36,(anonymous_6)
FN:42,(anonymous_8)
FN:47,(anonymous_10)
FNF:8
FNH:6
FNDA:1,(anonymous_0)
FNDA:0,PerformAsCodeResponse
FNDA:1,(anonymous_2)
FNDA:0,Operation
FNDA:1,(anonymous_4)
FNDA:1,(anonymous_6)
FNDA:1,(anonymous_8)
FNDA:1,(anonymous_10)
DA:1,1
DA:3,1
DA:9,1
DA:10,1
DA:23,0
DA:24,0
DA:26,1
DA:29,1
DA:33,1
DA:36,1
DA:39,1
DA:42,1
DA:44,1
DA:47,1
DA:50,1
LF:15
LH:13
BRF:0
BRH:0
end_of_record
TN:
SF:/Users/sguiheux/src/github.com/ovh/cds/ui/src/app/model/parameter.model.ts
FN:1,(anonymous_0)
FN:13,(anonymous_2)
FN:20,(anonymous_3)
FNF:3
FNH:1
FNDA:4,(anonymous_0)
FNDA:0,(anonymous_2)
FNDA:0,(anonymous_3)
DA:1,1
DA:13,1
DA:14,0
DA:15,0
DA:17,0
DA:20,1
DA:21,0
DA:22,0
DA:23,0
DA:24,0
DA:25,0
DA:26,0
DA:27,0
DA:28,0
DA:30,0
DA:32,1
LF:16
LH:4
BRDA:14,0,0,0
BRDA:14,0,1,0
BRDA:21,1,0,0
BRDA:21,1,1,0
BRF:4
BRH:0
end_of_record
TN:
SF:/Users/sguiheux/src/github.com/ovh/cds/ui/src/app/model/permission.model.ts
FN:1,(anonymous_0)
FNF:1
FNH:1
FNDA:1,(anonymous_0)
DA:1,1
DA:2,1
DA:3,1
DA:4,1
DA:5,1
LF:5
LH:5
BRF:0
BRH:0
end_of_record
TN:
SF:/Users/sguiheux/src/github.com/ovh/cds/ui/src/app/model/pipeline.model.ts
FN:15,(anonymous_0)
FN:25,(anonymous_2)
FN:33,(anonymous_3)
FN:42,(anonymous_4)
FN:50,(anonymous_6)
FN:57,(anonymous_8)
FN:140,Pipeline
FN:78,(anonymous_10)
FN:89,(anonymous_11)
FN:91,(anonymous_12)
FN:99,(anonymous_13)
FN:107,(anonymous_14)
FN:111,(anonymous_15)
FN:124,(anonymous_16)
FN:133,(anonymous_17)
FN:134,(anonymous_18)
FN:145,(anonymous_19)
FN:154,PipelineRunRequest
FN:159,(anonymous_21)
FN:177,(anonymous_23)
FN:193,(anonymous_24)
FN:207,(anonymous_26)
FN:214,(anonymous_28)
FN:245,(anonymous_30)
FN:249,(anonymous_32)
FN:261,(anonymous_34)
FN:267,(anonymous_35)
FN:276,(anonymous_37)
FN:290,(anonymous_39)
FN:307,(anonymous_41)
FN:314,(anonymous_43)
FNF:31
FNH:18
FNDA:1,(anonymous_0)
FNDA:0,(anonymous_2)
FNDA:0,(anonymous_3)
FNDA:1,(anonymous_4)
FNDA:1,(anonymous_6)
FNDA:1,(anonymous_8)
FNDA:40,Pipeline
FNDA:0,(anonymous_10)
FNDA:0,(anonymous_11)
FNDA:0,(anonymous_12)
FNDA:0,(anonymous_13)
FNDA:0,(anonymous_14)
FNDA:0,(anonymous_15)
FNDA:0,(anonymous_16)
FNDA:0,(anonymous_17)
FNDA:0,(anonymous_18)
FNDA:1,(anonymous_19)
FNDA:0,PipelineRunRequest
FNDA:1,(anonymous_21)
FNDA:0,(anonymous_23)
FNDA:1,(anonymous_24)
FNDA:1,(anonymous_26)
FNDA:1,(anonymous_28)
FNDA:1,(anonymous_30)
FNDA:1,(anonymous_32)
FNDA:1,(anonymous_34)
FNDA:1,(anonymous_35)
FNDA:1,(anonymous_37)
FNDA:1,(anonymous_39)
FNDA:1,(anonymous_41)
FNDA:1,(anonymous_43)
DA:10,1
DA:13,1
DA:15,1
DA:16,1
DA:17,1
DA:18,1
DA:19,1
DA:20,1
DA:21,1
DA:22,1
DA:23,1
DA:25,1
DA:26,0
DA:27,0
DA:30,0
DA:33,1
DA:34,0
DA:35,0
DA:38,0
DA:40,1
DA:42,1
DA:48,1
DA:50,1
DA:55,1
DA:57,1
DA:78,1
DA:79,0
DA:80,0
DA:83,0
DA:84,0
DA:86,0
DA:89,1
DA:90,0
DA:91,0
DA:92,0
DA:94,0
DA:96,0
DA:99,1
DA:100,0
DA:101,0
DA:103,0
DA:104,0
DA:107,0
DA:108,0
DA:109,0
DA:111,0
DA:112,0
DA:113,0
DA:117,0
DA:124,1
DA:125,0
DA:126,0
DA:129,0
DA:130,0
DA:133,0
DA:134,0
DA:136,0
DA:141,40
DA:143,1
DA:145,1
DA:155,0
DA:157,1
DA:159,1
DA:177,1
DA:178,0
DA:179,0
DA:181,0
DA:182,0
DA:184,0
DA:185,0
DA:187,0
DA:189,1
DA:193,1
DA:205,1
DA:207,1
DA:211,1
DA:214,1
DA:217,1
DA:245,1
DA:247,1
DA:249,1
DA:259,1
DA:261,1
DA:262,1
DA:263,1
DA:264,1
DA:267,1
DA:274,1
DA:276,1
DA:288,1
DA:290,1
DA:304,1
DA:307,1
DA:311,1
DA:314,1
DA:316,1
LF:96
LH:54
BRDA:26,0,0,0
BRDA:26,0,1,0
BRDA:26,1,0,0
BRDA:26,1,1,0
BRDA:26,1,2,0
BRDA:26,1,3,0
BRDA:34,2,0,0
BRDA:34,2,1,0
BRDA:34,3,0,0
BRDA:34,3,1,0
BRDA:79,4,0,0
BRDA:79,4,1,0
BRDA:83,5,0,0
BRDA:83,5,1,0
BRDA:90,6,0,0
BRDA:90,6,1,0
BRDA:92,7,0,0
BRDA:92,7,1,0
BRDA:100,8,0,0
BRDA:100,8,1,0
BRDA:103,9,0,0
BRDA:103,9,1,0
BRDA:112,10,0,0
BRDA:112,10,1,0
BRDA:125,11,0,0
BRDA:125,11,1,0
BRDA:129,12,0,0
BRDA:129,12,1,0
BRDA:129,13,0,0
BRDA:129,13,1,0
BRDA:136,14,0,0
BRDA:136,14,1,0
BRDA:178,15,0,0
BRDA:178,15,1,0
BRDA:181,16,0,0
BRDA:181,16,1,0
BRDA:181,17,0,0
BRDA:181,17,1,0
BRDA:184,18,0,0
BRDA:184,18,1,0
BRDA:261,19,0,1
BRDA:261,19,1,1
BRF:42
BRH:2
end_of_record
TN:
SF:/Users/sguiheux/src/github.com/ovh/cds/ui/src/app/model/prerequisite.model.ts
FN:1,(anonymous_0)
FNF:1
FNH:1
FNDA:1,(anonymous_0)
DA:1,1
DA:4,1
LF:2
LH:2
BRF:0
BRH:0
end_of_record
TN:
SF:/Users/sguiheux/src/github.com/ovh/cds/ui/src/app/model/project.model.ts
FN:11,(anonymous_0)
FN:38,(anonymous_2)
FN:39,LoadOpts
FN:45,(anonymous_4)
FNF:4
FNH:3
FNDA:51,(anonymous_0)
FNDA:1,(anonymous_2)
FNDA:0,LoadOpts
FNDA:1,(anonymous_4)
DA:11,1
DA:36,1
DA:38,1
DA:40,0
DA:41,0
DA:43,1
DA:45,1
DA:52,1
LF:8
LH:6
BRF:0
BRH:0
end_of_record
TN:
SF:/Users/sguiheux/src/github.com/ovh/cds/ui/src/app/model/repositories.model.ts
FN:1,(anonymous_0)
FN:15,(anonymous_2)
FN:21,Branch
FN:27,(anonymous_4)
FNF:4
FNH:3
FNDA:3,(anonymous_0)
FNDA:1,(anonymous_2)
FNDA:0,Branch
FNDA:1,(anonymous_4)
DA:1,1
DA:3,1
DA:15,1
DA:22,0
DA:23,0
DA:25,1
DA:27,1
DA:30,1
LF:8
LH:6
BRF:0
BRH:0
end_of_record
TN:
SF:/Users/sguiheux/src/github.com/ovh/cds/ui/src/app/model/requirement.model.ts
FN:1,(anonymous_0)
FN:7,Requirement
FNF:2
FNH:1
FNDA:1,(anonymous_0)
FNDA:0,Requirement
DA:1,1
DA:8,0
DA:9,0
DA:10,0
DA:11,0
DA:13,1
LF:6
LH:2
BRF:0
BRH:0
end_of_record
TN:
SF:/Users/sguiheux/src/github.com/ovh/cds/ui/src/app/model/stage.model.ts
FN:7,(anonymous_0)
FNF:1
FNH:1
FNDA:11,(anonymous_0)
DA:7,1
DA:22,1
LF:2
LH:2
BRF:0
BRH:0
end_of_record
TN:
SF:/Users/sguiheux/src/github.com/ovh/cds/ui/src/app/model/token.model.ts
FN:1,(anonymous_0)
FN:15,(anonymous_2)
FN:23,(anonymous_3)
FN:27,TokenEvent
FNF:4
FNH:3
FNDA:1,(anonymous_0)
FNDA:1,(anonymous_2)
FNDA:1,(anonymous_3)
FNDA:0,TokenEvent
DA:1,1
DA:13,1
DA:15,1
DA:16,1
DA:17,1
DA:18,1
DA:21,1
DA:23,1
DA:28,0
DA:29,0
DA:31,1
LF:11
LH:9
BRDA:15,0,0,1
BRDA:15,0,1,1
BRF:2
BRH:2
end_of_record
TN:
SF:/Users/sguiheux/src/github.com/ovh/cds/ui/src/app/model/usage.model.ts
FN:6,(anonymous_0)
FN:12,Usage
FNF:2
FNH:2
FNDA:1,(anonymous_0)
FNDA:40,Usage
DA:6,1
DA:13,40
DA:14,40
DA:15,40
DA:16,40
DA:18,1
LF:6
LH:6
BRF:0
BRH:0
end_of_record
TN:
SF:/Users/sguiheux/src/github.com/ovh/cds/ui/src/app/model/user.model.ts
FN:1,(anonymous_0)
FN:10,User
FNF:2
FNH:2
FNDA:1,(anonymous_0)
FNDA:1,User
DA:1,1
DA:11,1
LF:2
LH:2
BRF:0
BRH:0
end_of_record
TN:
SF:/Users/sguiheux/src/github.com/ovh/cds/ui/src/app/model/variable.model.ts
FN:1,(anonymous_0)
FN:13,Variable
FN:21,(anonymous_2)
FNF:3
FNH:3
FNDA:1,(anonymous_0)
FNDA:9,Variable
FNDA:1,(anonymous_2)
DA:1,1
DA:14,9
DA:15,9
DA:16,9
DA:17,9
DA:19,1
DA:21,1
DA:29,1
LF:8
LH:8
BRF:0
BRH:0
end_of_record
TN:
SF:/Users/sguiheux/src/github.com/ovh/cds/ui/src/app/model/vcs.model.ts
FN:1,(anonymous_0)
FN:8,VCSStrategy
FN:13,(anonymous_2)
FN:17,(anonymous_4)
FNF:4
FNH:2
FNDA:1,(anonymous_0)
FNDA:0,VCSStrategy
FNDA:1,(anonymous_2)
FNDA:0,(anonymous_4)
DA:1,1
DA:9,0
DA:11,1
DA:13,1
DA:14,1
DA:15,1
DA:17,1
DA:18,0
DA:20,1
LF:9
LH:7
BRF:0
BRH:0
end_of_record
TN:
SF:/Users/sguiheux/src/github.com/ovh/cds/ui/src/app/model/warning.model.ts
FN:2,(anonymous_0)
FNF:1
FNH:1
FNDA:1,(anonymous_0)
DA:2,1
DA:19,1
LF:2
LH:2
BRF:0
BRH:0
end_of_record
TN:
SF:/Users/sguiheux/src/github.com/ovh/cds/ui/src/app/model/workflow.model.ts
FN:13,(anonymous_0)
FN:413,Workflow
FN:39,(anonymous_2)
FN:52,(anonymous_3)
FN:53,(anonymous_4)
FN:61,(anonymous_5)
FN:75,(anonymous_6)
FN:80,(anonymous_7)
FN:81,(anonymous_8)
FN:89,(anonymous_9)
FN:98,(anonymous_10)
FN:108,(anonymous_11)
FN:131,(anonymous_12)
FN:151,(anonymous_13)
FN:168,(anonymous_14)
FN:185,(anonymous_15)
FN:202,(anonymous_16)
FN:209,(anonymous_17)
FN:211,(anonymous_18)
FN:217,(anonymous_19)
FN:221,(anonymous_20)
FN:224,(anonymous_21)
FN:228,(anonymous_22)
FN:230,(anonymous_23)
FN:239,(anonymous_24)
FN:244,(anonymous_25)
FN:246,(anonymous_26)
FN:255,(anonymous_27)
FN:261,(anonymous_28)
FN:263,(anonymous_29)
FN:272,(anonymous_30)
FN:276,(anonymous_31)
FN:279,(anonymous_32)
FN:282,(anonymous_33)
FN:286,(anonymous_34)
FN:295,(anonymous_35)
FN:309,(anonymous_36)
FN:310,(anonymous_37)
FN:341,(anonymous_38)
FN:344,(anonymous_39)
FN:370,(anonymous_40)
FN:375,(anonymous_41)
FN:376,(anonymous_42)
FN:377,(anonymous_43)
FN:384,(anonymous_44)
FN:397,(anonymous_45)
FN:398,(anonymous_46)
FN:405,(anonymous_47)
FN:420,(anonymous_48)
FN:428,WorkflowNodeJoin
FN:433,(anonymous_50)
FN:439,WorkflowNodeJoinTrigger
FN:445,(anonymous_52)
FN:674,WorkflowNode
FN:456,(anonymous_54)
FN:459,(anonymous_55)
FN:480,(anonymous_56)
FN:484,(anonymous_57)
FN:505,(anonymous_58)
FN:522,(anonymous_59)
FN:539,(anonymous_60)
FN:541,(anonymous_61)
FN:559,(anonymous_62)
FN:562,(anonymous_63)
FN:568,(anonymous_64)
FN:571,(anonymous_65)
FN:587,(anonymous_66)
FN:606,(anonymous_67)
FN:609,(anonymous_68)
FN:616,(anonymous_69)
FN:622,(anonymous_70)
FN:629,(anonymous_71)
FN:637,(anonymous_72)
FN:646,(anonymous_73)
FN:653,(anonymous_74)
FN:668,(anonymous_75)
FN:679,(anonymous_76)
FN:684,(anonymous_78)
FN:700,(anonymous_80)
FN:707,(anonymous_82)
FN:714,(anonymous_84)
FN:720,WorkflowNodeTrigger
FN:726,(anonymous_86)
FN:732,(anonymous_88)
FN:738,(anonymous_90)
FN:743,(anonymous_92)
FN:750,WorkflowNotification
FNF:87
FNH:13
FNDA:1,(anonymous_0)
FNDA:0,Workflow
FNDA:0,(anonymous_2)
FNDA:0,(anonymous_3)
FNDA:0,(anonymous_4)
FNDA:0,(anonymous_5)
FNDA:0,(anonymous_6)
FNDA:0,(anonymous_7)
FNDA:0,(anonymous_8)
FNDA:0,(anonymous_9)
FNDA:0,(anonymous_10)
FNDA:0,(anonymous_11)
FNDA:0,(anonymous_12)
FNDA:0,(anonymous_13)
FNDA:0,(anonymous_14)
FNDA:0,(anonymous_15)
FNDA:0,(anonymous_16)
FNDA:0,(anonymous_17)
FNDA:0,(anonymous_18)
FNDA:0,(anonymous_19)
FNDA:0,(anonymous_20)
FNDA:0,(anonymous_21)
FNDA:0,(anonymous_22)
FNDA:0,(anonymous_23)
FNDA:0,(anonymous_24)
FNDA:0,(anonymous_25)
FNDA:0,(anonymous_26)
FNDA:0,(anonymous_27)
FNDA:0,(anonymous_28)
FNDA:0,(anonymous_29)
FNDA:0,(anonymous_30)
FNDA:0,(anonymous_31)
FNDA:0,(anonymous_32)
FNDA:0,(anonymous_33)
FNDA:0,(anonymous_34)
FNDA:0,(anonymous_35)
FNDA:0,(anonymous_36)
FNDA:0,(anonymous_37)
FNDA:0,(anonymous_38)
FNDA:0,(anonymous_39)
FNDA:0,(anonymous_40)
FNDA:0,(anonymous_41)
FNDA:0,(anonymous_42)
FNDA:0,(anonymous_43)
FNDA:0,(anonymous_44)
FNDA:0,(anonymous_45)
FNDA:0,(anonymous_46)
FNDA:0,(anonymous_47)
FNDA:1,(anonymous_48)
FNDA:0,WorkflowNodeJoin
FNDA:1,(anonymous_50)
FNDA:0,WorkflowNodeJoinTrigger
FNDA:1,(anonymous_52)
FNDA:0,WorkflowNode
FNDA:0,(anonymous_54)
FNDA:0,(anonymous_55)
FNDA:0,(anonymous_56)
FNDA:0,(anonymous_57)
FNDA:0,(anonymous_58)
FNDA:0,(anonymous_59)
FNDA:0,(anonymous_60)
FNDA:0,(anonymous_61)
FNDA:0,(anonymous_62)
FNDA:0,(anonymous_63)
FNDA:0,(anonymous_64)
FNDA:0,(anonymous_65)
FNDA:0,(anonymous_66)
FNDA:0,(anonymous_67)
FNDA:0,(anonymous_68)
FNDA:0,(anonymous_69)
FNDA:0,(anonymous_70)
FNDA:0,(anonymous_71)
FNDA:0,(anonymous_72)
FNDA:0,(anonymous_73)
FNDA:0,(anonymous_74)
FNDA:0,(anonymous_75)
FNDA:1,(anonymous_76)
FNDA:1,(anonymous_78)
FNDA:1,(anonymous_80)
FNDA:1,(anonymous_82)
FNDA:1,(anonymous_84)
FNDA:0,WorkflowNodeTrigger
FNDA:1,(anonymous_86)
FNDA:1,(anonymous_88)
FNDA:1,(anonymous_90)
FNDA:1,(anonymous_92)
FNDA:0,WorkflowNotification
DA:1,1
DA:2,1
DA:13,1
DA:39,1
DA:40,0
DA:41,0
DA:42,0
DA:44,0
DA:45,0
DA:46,0
DA:47,0
DA:50,0
DA:51,0
DA:52,0
DA:53,0
DA:54,0
DA:55,0
DA:59,0
DA:61,0
DA:62,0
DA:63,0
DA:64,0
DA:69,0
DA:70,0
DA:74,0
DA:75,0
DA:76,0
DA:79,0
DA:80,0
DA:81,0
DA:82,0
DA:83,0
DA:84,0
DA:85,0
DA:89,0
DA:90,0
DA:91,0
DA:92,0
DA:93,0
DA:97,0
DA:98,0
DA:99,0
DA:105,0
DA:108,1
DA:109,0
DA:110,0
DA:111,0
DA:112,0
DA:113,0
DA:114,0
DA:115,0
DA:116,0
DA:117,0
DA:118,0
DA:126,0
DA:127,0
DA:131,1
DA:132,0
DA:133,0
DA:134,0
DA:135,0
DA:136,0
DA:137,0
DA:138,0
DA:139,0
DA:140,0
DA:141,0
DA:148,0
DA:151,1
DA:152,0
DA:153,0
DA:154,0
DA:155,0
DA:156,0
DA:157,0
DA:158,0
DA:159,0
DA:165,0
DA:168,1
DA:169,0
DA:170,0
DA:171,0
DA:172,0
DA:173,0
DA:174,0
DA:175,0
DA:176,0
DA:182,0
DA:185,1
DA:186,0
DA:187,0
DA:188,0
DA:189,0
DA:190,0
DA:191,0
DA:192,0
DA:193,0
DA:199,0
DA:202,1
DA:203,0
DA:204,0
DA:206,0
DA:207,0
DA:209,0
DA:210,0
DA:211,0
DA:212,0
DA:217,0
DA:218,0
DA:221,0
DA:224,1
DA:225,0
DA:226,0
DA:227,0
DA:228,0
DA:229,0
DA:230,0
DA:231,0
DA:236,0
DA:239,1
DA:240,0
DA:241,0
DA:243,0
DA:244,0
DA:245,0
DA:246,0
DA:247,0
DA:252,0
DA:255,1
DA:256,0
DA:258,0
DA:260,0
DA:261,0
DA:262,0
DA:263,0
DA:264,0
DA:269,0
DA:272,1
DA:273,0
DA:274,0
DA:276,0
DA:279,1
DA:280,0
DA:281,0
DA:282,0
DA:283,0
DA:284,0
DA:285,0
DA:286,0
DA:287,0
DA:292,0
DA:295,1
DA:296,0
DA:298,0
DA:299,0
DA:300,0
DA:301,0
DA:302,0
DA:303,0
DA:304,0
DA:305,0
DA:306,0
DA:308,0
DA:309,0
DA:310,0
DA:317,0
DA:318,0
DA:319,0
DA:320,0
DA:321,0
DA:322,0
DA:323,0
DA:332,0
DA:333,0
DA:334,0
DA:335,0
DA:337,0
DA:341,0
DA:344,1
DA:345,0
DA:346,0
DA:348,0
DA:349,0
DA:352,0
DA:353,0
DA:356,0
DA:357,0
DA:358,0
DA:359,0
DA:360,0
DA:362,0
DA:367,0
DA:370,1
DA:371,0
DA:372,0
DA:375,0
DA:376,0
DA:377,0
DA:378,0
DA:381,0
DA:384,1
DA:385,0
DA:386,0
DA:388,0
DA:389,0
DA:392,0
DA:393,0
DA:396,0
DA:397,0
DA:398,0
DA:399,0
DA:404,0
DA:405,0
DA:406,0
DA:410,0
DA:414,0
DA:418,1
DA:420,1
DA:429,0
DA:431,1
DA:433,1
DA:440,0
DA:442,1
DA:445,1
DA:456,1
DA:457,0
DA:458,0
DA:459,0
DA:460,0
DA:461,0
DA:462,0
DA:465,0
DA:466,0
DA:468,0
DA:469,0
DA:470,0
DA:471,0
DA:472,0
DA:473,0
DA:477,0
DA:480,1
DA:482,0
DA:483,0
DA:484,0
DA:485,0
DA:486,0
DA:487,0
DA:490,0
DA:491,0
DA:493,0
DA:494,0
DA:495,0
DA:496,0
DA:497,0
DA:498,0
DA:502,0
DA:505,1
DA:506,0
DA:507,0
DA:510,0
DA:511,0
DA:512,0
DA:513,0
DA:514,0
DA:515,0
DA:519,0
DA:522,1
DA:523,0
DA:524,0
DA:527,0
DA:528,0
DA:529,0
DA:530,0
DA:531,0
DA:532,0
DA:536,0
DA:539,1
DA:540,0
DA:541,0
DA:542,0
DA:543,0
DA:547,0
DA:548,0
DA:549,0
DA:550,0
DA:551,0
DA:552,0
DA:556,0
DA:559,1
DA:560,0
DA:561,0
DA:562,0
DA:563,0
DA:568,1
DA:569,0
DA:570,0
DA:571,0
DA:572,0
DA:573,0
DA:576,0
DA:577,0
DA:578,0
DA:579,0
DA:580,0
DA:584,0
DA:587,1
DA:588,0
DA:589,0
DA:590,0
DA:591,0
DA:594,0
DA:595,0
DA:596,0
DA:597,0
DA:598,0
DA:603,0
DA:606,1
DA:607,0
DA:608,0
DA:609,0
DA:610,0
DA:611,0
DA:615,0
DA:616,0
DA:617,0
DA:622,1
DA:623,0
DA:624,0
DA:625,0
DA:626,0
DA:628,0
DA:629,0
DA:630,0
DA:634,0
DA:637,1
DA:638,0
DA:640,0
DA:641,0
DA:642,0
DA:643,0
DA:645,0
DA:646,0
DA:647,0
DA:650,0
DA:653,1
DA:654,0
DA:655,0
DA:656,0
DA:658,0
DA:659,0
DA:660,0
DA:661,0
DA:663,0
DA:664,0
DA:665,0
DA:667,0
DA:668,0
DA:669,0
DA:675,0
DA:677,1
DA:679,1
DA:680,0
DA:681,1
DA:684,1
DA:697,1
DA:700,1
DA:705,1
DA:707,1
DA:711,1
DA:714,1
DA:721,0
DA:723,1
DA:726,1
DA:729,1
DA:732,1
DA:736,1
DA:738,1
DA:741,1
DA:743,1
DA:751,0
DA:752,0
DA:753,0
DA:754,0
DA:756,1
LF:384
LH:56
BRDA:40,0,0,0
BRDA:40,0,1,0
BRDA:41,1,0,0
BRDA:41,1,1,0
BRDA:41,2,0,0
BRDA:41,2,1,0
BRDA:41,2,2,0
BRDA:41,2,3,0
BRDA:44,3,0,0
BRDA:44,3,1,0
BRDA:45,4,0,0
BRDA:45,4,1,0
BRDA:50,5,0,0
BRDA:50,5,1,0
BRDA:54,6,0,0
BRDA:54,6,1,0
BRDA:59,7,0,0
BRDA:59,7,1,0
BRDA:62,8,0,0
BRDA:62,8,1,0
BRDA:62,9,0,0
BRDA:62,9,1,0
BRDA:62,9,2,0
BRDA:63,10,0,0
BRDA:63,10,1,0
BRDA:63,11,0,0
BRDA:63,11,1,0
BRDA:69,12,0,0
BRDA:69,12,1,0
BRDA:74,13,0,0
BRDA:74,13,1,0
BRDA:79,14,0,0
BRDA:79,14,1,0
BRDA:82,15,0,0
BRDA:82,15,1,0
BRDA:84,16,0,0
BRDA:84,16,1,0
BRDA:84,17,0,0
BRDA:84,17,1,0
BRDA:90,18,0,0
BRDA:90,18,1,0
BRDA:92,19,0,0
BRDA:92,19,1,0
BRDA:92,20,0,0
BRDA:92,20,1,0
BRDA:97,21,0,0
BRDA:97,21,1,0
BRDA:110,22,0,0
BRDA:110,22,1,0
BRDA:111,23,0,0
BRDA:111,23,1,0
BRDA:114,24,0,0
BRDA:114,24,1,0
BRDA:117,25,0,0
BRDA:117,25,1,0
BRDA:126,26,0,0
BRDA:126,26,1,0
BRDA:133,27,0,0
BRDA:133,27,1,0
BRDA:134,28,0,0
BRDA:134,28,1,0
BRDA:137,29,0,0
BRDA:137,29,1,0
BRDA:140,30,0,0
BRDA:140,30,1,0
BRDA:153,31,0,0
BRDA:153,31,1,0
BRDA:153,32,0,0
BRDA:153,32,1,0
BRDA:155,33,0,0
BRDA:155,33,1,0
BRDA:158,34,0,0
BRDA:158,34,1,0
BRDA:170,35,0,0
BRDA:170,35,1,0
BRDA:170,36,0,0
BRDA:170,36,1,0
BRDA:172,37,0,0
BRDA:172,37,1,0
BRDA:175,38,0,0
BRDA:175,38,1,0
BRDA:187,39,0,0
BRDA:187,39,1,0
BRDA:187,40,0,0
BRDA:187,40,1,0
BRDA:189,41,0,0
BRDA:189,41,1,0
BRDA:192,42,0,0
BRDA:192,42,1,0
BRDA:203,43,0,0
BRDA:203,43,1,0
BRDA:210,44,0,0
BRDA:210,44,1,0
BRDA:227,45,0,0
BRDA:227,45,1,0
BRDA:229,46,0,0
BRDA:229,46,1,0
BRDA:243,47,0,0
BRDA:243,47,1,0
BRDA:245,48,0,0
BRDA:245,48,1,0
BRDA:260,49,0,0
BRDA:260,49,1,0
BRDA:262,50,0,0
BRDA:262,50,1,0
BRDA:273,51,0,0
BRDA:273,51,1,0
BRDA:273,52,0,0
BRDA:273,52,1,0
BRDA:281,53,0,0
BRDA:281,53,1,0
BRDA:285,54,0,0
BRDA:285,54,1,0
BRDA:298,55,0,0
BRDA:298,55,1,0
BRDA:300,56,0,0
BRDA:300,56,1,0
BRDA:302,57,0,0
BRDA:302,57,1,0
BRDA:304,58,0,0
BRDA:304,58,1,0
BRDA:305,59,0,0
BRDA:305,59,1,0
BRDA:319,60,0,0
BRDA:319,60,1,0
BRDA:321,61,0,0
BRDA:321,61,1,0
BRDA:322,62,0,0
BRDA:322,62,1,0
BRDA:333,63,0,0
BRDA:333,63,1,0
BRDA:334,64,0,0
BRDA:334,64,1,0
BRDA:345,65,0,0
BRDA:345,65,1,0
BRDA:348,66,0,0
BRDA:348,66,1,0
BRDA:352,67,0,0
BRDA:352,67,1,0
BRDA:358,68,0,0
BRDA:358,68,1,0
BRDA:359,69,0,0
BRDA:359,69,1,0
BRDA:371,70,0,0
BRDA:371,70,1,0
BRDA:371,71,0,0
BRDA:371,71,1,0
BRDA:385,72,0,0
BRDA:385,72,1,0
BRDA:385,73,0,0
BRDA:385,73,1,0
BRDA:385,73,2,0
BRDA:388,74,0,0
BRDA:388,74,1,0
BRDA:392,75,0,0
BRDA:392,75,1,0
BRDA:396,76,0,0
BRDA:396,76,1,0
BRDA:396,77,0,0
BRDA:396,77,1,0
BRDA:404,78,0,0
BRDA:404,78,1,0
BRDA:457,79,0,0
BRDA:457,79,1,0
BRDA:458,80,0,0
BRDA:458,80,1,0
BRDA:468,81,0,0
BRDA:468,81,1,0
BRDA:472,82,0,0
BRDA:472,82,1,0
BRDA:482,83,0,0
BRDA:482,83,1,0
BRDA:483,84,0,0
BRDA:483,84,1,0
BRDA:493,85,0,0
BRDA:493,85,1,0
BRDA:497,86,0,0
BRDA:497,86,1,0
BRDA:506,87,0,0
BRDA:506,87,1,0
BRDA:510,88,0,0
BRDA:510,88,1,0
BRDA:513,89,0,0
BRDA:513,89,1,0
BRDA:523,90,0,0
BRDA:523,90,1,0
BRDA:527,91,0,0
BRDA:527,91,1,0
BRDA:530,92,0,0
BRDA:530,92,1,0
BRDA:540,93,0,0
BRDA:540,93,1,0
BRDA:540,94,0,0
BRDA:540,94,1,0
BRDA:542,95,0,0
BRDA:542,95,1,0
BRDA:547,96,0,0
BRDA:547,96,1,0
BRDA:550,97,0,0
BRDA:550,97,1,0
BRDA:561,98,0,0
BRDA:561,98,1,0
BRDA:569,99,0,0
BRDA:569,99,1,0
BRDA:572,100,0,0
BRDA:572,100,1,0
BRDA:576,101,0,0
BRDA:576,101,1,0
BRDA:579,102,0,0
BRDA:579,102,1,0
BRDA:588,103,0,0
BRDA:588,103,1,0
BRDA:590,104,0,0
BRDA:590,104,1,0
BRDA:594,105,0,0
BRDA:594,105,1,0
BRDA:597,106,0,0
BRDA:597,106,1,0
BRDA:608,107,0,0
BRDA:608,107,1,0
BRDA:608,108,0,0
BRDA:608,108,1,0
BRDA:610,109,0,0
BRDA:610,109,1,0
BRDA:610,110,0,0
BRDA:610,110,1,0
BRDA:615,111,0,0
BRDA:615,111,1,0
BRDA:628,112,0,0
BRDA:628,112,1,0
BRDA:645,113,0,0
BRDA:645,113,1,0
BRDA:655,114,0,0
BRDA:655,114,1,0
BRDA:655,115,0,0
BRDA:655,115,1,0
BRDA:659,116,0,0
BRDA:659,116,1,0
BRDA:659,117,0,0
BRDA:659,117,1,0
BRDA:663,118,0,0
BRDA:663,118,1,0
BRDA:663,119,0,0
BRDA:663,119,1,0
BRDA:667,120,0,0
BRDA:667,120,1,0
BRF:246
BRH:0
end_of_record
TN:
SF:/Users/sguiheux/src/github.com/ovh/cds/ui/src/app/model/workflow.run.model.ts
FN:14,(anonymous_0)
FN:17,(anonymous_2)
FN:24,(anonymous_4)
FN:45,(anonymous_6)
FN:53,(anonymous_7)
FN:60,(anonymous_8)
FN:66,(anonymous_10)
FN:89,(anonymous_12)
FN:101,(anonymous_13)
FN:110,(anonymous_14)
FN:130,(anonymous_15)
FN:146,(anonymous_16)
FN:154,(anonymous_17)
FN:173,(anonymous_18)
FN:186,(anonymous_19)
FN:205,(anonymous_20)
FN:210,(anonymous_22)
FN:226,(anonymous_24)
FN:246,(anonymous_26)
FN:253,(anonymous_28)
FNF:20
FNH:10
FNDA:1,(anonymous_0)
FNDA:1,(anonymous_2)
FNDA:1,(anonymous_4)
FNDA:0,(anonymous_6)
FNDA:0,(anonymous_7)
FNDA:1,(anonymous_8)
FNDA:1,(anonymous_10)
FNDA:0,(anonymous_12)
FNDA:0,(anonymous_13)
FNDA:0,(anonymous_14)
FNDA:0,(anonymous_15)
FNDA:0,(anonymous_16)
FNDA:0,(anonymous_17)
FNDA:0,(anonymous_18)
FNDA:0,(anonymous_19)
FNDA:1,(anonymous_20)
FNDA:1,(anonymous_22)
FNDA:1,(anonymous_24)
FNDA:1,(anonymous_26)
FNDA:1,(anonymous_28)
DA:2,1
DA:5,1
DA:7,1
DA:9,1
DA:14,1
DA:16,1
DA:17,1
DA:22,1
DA:24,1
DA:45,1
DA:46,0
DA:47,0
DA:48,0
DA:49,0
DA:50,0
DA:51,0
DA:52,0
DA:53,0
DA:54,0
DA:56,0
DA:58,1
DA:60,1
DA:63,1
DA:66,1
DA:89,1
DA:90,0
DA:91,0
DA:92,0
DA:93,0
DA:94,0
DA:95,0
DA:96,0
DA:97,0
DA:98,0
DA:99,0
DA:100,0
DA:101,0
DA:102,0
DA:103,0
DA:104,0
DA:105,0
DA:106,0
DA:107,0
DA:108,0
DA:109,0
DA:110,0
DA:111,0
DA:112,0
DA:113,0
DA:115,0
DA:116,0
DA:117,0
DA:119,0
DA:120,0
DA:122,0
DA:123,0
DA:124,0
DA:125,0
DA:127,0
DA:128,0
DA:129,0
DA:130,0
DA:131,0
DA:132,0
DA:133,0
DA:134,0
DA:135,0
DA:139,0
DA:140,0
DA:141,0
DA:142,0
DA:143,0
DA:144,0
DA:145,0
DA:146,0
DA:147,0
DA:148,0
DA:149,0
DA:153,0
DA:154,0
DA:155,0
DA:156,0
DA:157,0
DA:159,0
DA:160,0
DA:162,0
DA:163,0
DA:164,0
DA:167,0
DA:171,0
DA:172,0
DA:173,0
DA:174,0
DA:175,0
DA:176,0
DA:177,0
DA:178,0
DA:179,0
DA:180,0
DA:181,0
DA:182,0
DA:183,0
DA:184,0
DA:185,0
DA:186,0
DA:187,0
DA:188,0
DA:189,0
DA:190,0
DA:192,0
DA:196,0
DA:199,0
DA:201,0
DA:203,1
DA:205,1
DA:208,1
DA:210,1
DA:223,1
DA:226,1
DA:243,1
DA:246,1
DA:250,1
DA:253,1
DA:257,1
LF:124
LH:26
BRDA:109,0,0,0
BRDA:109,0,1,0
BRDA:112,1,0,0
BRDA:112,1,1,0
BRDA:116,2,0,0
BRDA:116,2,1,0
BRDA:119,3,0,0
BRDA:119,3,1,0
BRDA:129,4,0,0
BRDA:129,4,1,0
BRDA:145,5,0,0
BRDA:145,5,1,0
BRDA:153,6,0,0
BRDA:153,6,1,0
BRDA:156,7,0,0
BRDA:156,7,1,0
BRDA:159,8,0,0
BRDA:159,8,1,0
BRDA:172,9,0,0
BRDA:172,9,1,0
BRDA:185,10,0,0
BRDA:185,10,1,0
BRF:22
BRH:0
end_of_record
TN:
SF:/Users/sguiheux/src/github.com/ovh/cds/ui/src/app/service/auth.interceptor.service.ts
FN:8,(anonymous_2)
FN:10,AuthentificationInterceptor
FN:12,(anonymous_4)
FN:22,(anonymous_5)
FNF:4
FNH:4
FNDA:1,(anonymous_2)
FNDA:1,AuthentificationInterceptor
FNDA:1,(anonymous_4)
FNDA:1,(anonymous_5)
DA:2,1
DA:4,1
DA:5,1
DA:8,1
DA:10,1
DA:12,1
DA:13,1
DA:14,0
DA:15,0
DA:17,1
DA:18,1
DA:22,1
DA:23,1
DA:24,0
DA:25,0
DA:27,1
DA:29,1
LF:17
LH:13
BRDA:13,0,0,0
BRDA:13,0,1,1
BRDA:23,1,0,0
BRDA:23,1,1,1
BRF:4
BRH:2
end_of_record
TN:
SF:/Users/sguiheux/src/github.com/ovh/cds/ui/src/app/service/logout.interceptor.service.ts
FN:12,(anonymous_2)
FN:14,LogoutInterceptor
FN:21,(anonymous_4)
FN:23,(anonymous_5)
FNF:4
FNH:3
FNDA:1,(anonymous_2)
FNDA:1,LogoutInterceptor
FNDA:1,(anonymous_4)
FNDA:0,(anonymous_5)
DA:1,1
DA:2,1
DA:3,1
DA:4,1
DA:5,1
DA:6,1
DA:7,1
DA:8,1
DA:12,1
DA:15,1
DA:16,1
DA:17,1
DA:18,1
DA:21,1
DA:22,1
DA:24,0
DA:25,0
DA:26,0
DA:27,0
DA:28,0
DA:29,0
DA:33,0
DA:35,0
DA:38,0
DA:39,0
DA:43,0
DA:44,0
DA:46,0
DA:47,0
DA:49,0
DA:53,0
DA:57,1
LF:32
LH:16
BRDA:24,0,0,0
BRDA:24,0,1,0
BRDA:25,1,0,0
BRDA:25,1,1,0
BRDA:27,2,0,0
BRDA:27,2,1,0
BRDA:33,3,0,0
BRDA:33,3,1,0
BRDA:33,4,0,0
BRDA:33,4,1,0
BRDA:38,5,0,0
BRDA:38,5,1,0
BRDA:43,6,0,0
BRDA:43,6,1,0
BRDA:43,7,0,0
BRDA:43,7,1,0
BRF:16
BRH:0
end_of_record
TN:
SF:/Users/sguiheux/src/github.com/ovh/cds/ui/src/app/service/services.module.ts
FN:64,(anonymous_4)
FN:137,ServicesModule
FN:66,(anonymous_6)
FNF:3
FNH:3
FNDA:1,(anonymous_4)
FNDA:21,ServicesModule
FNDA:1,(anonymous_6)
DA:1,1
DA:2,1
DA:3,1
DA:4,1
DA:5,1
DA:6,1
DA:7,1
DA:8,1
DA:9,1
DA:10,1
DA:11,1
DA:12,1
DA:13,1
DA:14,1
DA:15,1
DA:16,1
DA:17,1
DA:18,1
DA:19,1
DA:20,1
DA:21,1
DA:22,1
DA:23,1
DA:24,1
DA:25,1
DA:26,1
DA:27,1
DA:28,1
DA:29,1
DA:30,1
DA:31,1
DA:32,1
DA:33,1
DA:34,1
DA:35,1
DA:36,1
DA:37,1
DA:38,1
DA:43,1
DA:44,1
DA:45,1
DA:46,1
DA:47,1
DA:48,1
DA:49,1
DA:50,1
DA:51,1
DA:52,1
DA:53,1
DA:54,1
DA:55,1
DA:56,1
DA:57,1
DA:58,1
DA:59,1
DA:60,1
DA:61,1
DA:64,1
DA:66,1
DA:67,1
DA:138,21
DA:139,0
DA:143,1
DA:146,1
DA:147,1
DA:148,1
DA:149,1
DA:150,1
DA:151,1
DA:152,1
DA:153,1
DA:154,1
DA:155,1
DA:156,1
DA:157,1
DA:158,1
DA:159,1
DA:160,1
DA:161,1
DA:162,1
DA:163,1
DA:164,1
DA:165,1
DA:166,1
DA:167,1
DA:168,1
DA:169,1
DA:170,1
DA:171,1
DA:172,1
DA:173,1
DA:174,1
DA:175,1
DA:176,1
DA:177,1
DA:178,1
DA:179,1
DA:180,1
DA:181,1
DA:182,1
DA:183,1
DA:184,1
DA:185,1
DA:186,1
DA:187,1
DA:188,1
LF:106
LH:105
BRDA:138,0,0,0
BRDA:138,0,1,21
BRF:2
BRH:1
end_of_record
TN:
SF:/Users/sguiheux/src/github.com/ovh/cds/ui/src/app/service/action/action.service.ts
FN:10,(anonymous_2)
FN:12,ActionService
FN:19,(anonymous_4)
FN:28,(anonymous_5)
FN:37,(anonymous_6)
FN:46,(anonymous_7)
FN:55,(anonymous_8)
FN:64,(anonymous_9)
FNF:8
FNH:1
FNDA:1,(anonymous_2)
FNDA:0,ActionService
FNDA:0,(anonymous_4)
FNDA:0,(anonymous_5)
FNDA:0,(anonymous_6)
FNDA:0,(anonymous_7)
FNDA:0,(anonymous_8)
FNDA:0,(anonymous_9)
DA:1,1
DA:2,1
DA:10,1
DA:12,0
DA:19,1
DA:20,0
DA:28,1
DA:29,0
DA:37,1
DA:38,0
DA:46,1
DA:47,0
DA:55,1
DA:56,0
DA:64,1
DA:65,0
DA:67,1
LF:17
LH:10
BRF:0
BRH:0
end_of_record
TN:
SF:/Users/sguiheux/src/github.com/ovh/cds/ui/src/app/service/action/action.store.ts
FN:8,(anonymous_2)
FN:13,ActionStore
FN:20,(anonymous_4)
FN:24,(anonymous_5)
FN:27,(anonymous_6)
FN:28,(anonymous_7)
FN:31,(anonymous_8)
FNF:7
FNH:1
FNDA:1,(anonymous_2)
FNDA:0,ActionStore
FNDA:0,(anonymous_4)
FNDA:0,(anonymous_5)
FNDA:0,(anonymous_6)
FNDA:0,(anonymous_7)
FNDA:0,(anonymous_8)
DA:1,1
DA:2,1
DA:3,1
DA:5,1
DA:8,1
DA:11,0
DA:13,0
DA:20,1
DA:21,0
DA:22,0
DA:24,0
DA:27,1
DA:28,0
DA:29,0
DA:30,0
DA:31,0
DA:32,0
DA:35,0
DA:38,1
LF:19
LH:8
BRDA:21,0,0,0
BRDA:21,0,1,0
BRDA:30,1,0,0
BRDA:30,1,1,0
BRDA:30,2,0,0
BRDA:30,2,1,0
BRF:6
BRH:0
end_of_record
TN:
SF:/Users/sguiheux/src/github.com/ovh/cds/ui/src/app/service/application/application.audit.service.ts
FN:9,(anonymous_2)
FN:12,ApplicationAuditService
FN:15,(anonymous_4)
FNF:3
FNH:1
FNDA:1,(anonymous_2)
FNDA:0,ApplicationAuditService
FNDA:0,(anonymous_4)
DA:1,1
DA:2,1
DA:9,1
DA:12,0
DA:15,1
DA:16,0
DA:18,1
LF:7
LH:5
BRF:0
BRH:0
end_of_record
TN:
SF:/Users/sguiheux/src/github.com/ovh/cds/ui/src/app/service/application/application.migration.service.ts
FN:6,(anonymous_2)
FN:8,ApplicationMigrateService
FN:11,(anonymous_4)
FN:21,(anonymous_5)
FNF:4
FNH:1
FNDA:1,(anonymous_2)
FNDA:0,ApplicationMigrateService
FNDA:0,(anonymous_4)
FNDA:0,(anonymous_5)
DA:1,1
DA:2,1
DA:6,1
DA:8,0
DA:11,1
DA:13,0
DA:14,0
DA:15,0
DA:16,0
DA:17,0
DA:18,0
DA:21,1
DA:22,0
DA:24,1
LF:14
LH:6
BRF:0
BRH:0
end_of_record
TN:
SF:/Users/sguiheux/src/github.com/ovh/cds/ui/src/app/service/application/application.resolver.ts
FN:12,(anonymous_2)
FN:18,ApplicationResolver
FN:14,(anonymous_4)
FN:22,(anonymous_5)
FN:36,ApplicationQueryParamResolver
FN:24,(anonymous_7)
FN:26,(anonymous_8)
FN:28,(anonymous_9)
FNF:8
FNH:2
FNDA:1,(anonymous_2)
FNDA:0,ApplicationResolver
FNDA:0,(anonymous_4)
FNDA:1,(anonymous_5)
FNDA:0,ApplicationQueryParamResolver
FNDA:0,(anonymous_7)
FNDA:0,(anonymous_8)
FNDA:0,(anonymous_9)
DA:2,1
DA:4,1
DA:6,1
DA:8,1
DA:12,1
DA:14,1
DA:15,0
DA:18,0
DA:19,1
DA:22,1
DA:24,1
DA:25,0
DA:26,0
DA:27,0
DA:29,0
DA:32,0
DA:36,0
DA:37,1
LF:18
LH:10
BRDA:25,0,0,0
BRDA:25,0,1,0
BRF:2
BRH:0
end_of_record
TN:
SF:/Users/sguiheux/src/github.com/ovh/cds/ui/src/app/service/application/application.service.ts
FN:17,(anonymous_2)
FN:19,ApplicationService
FN:27,(anonymous_4)
FN:46,(anonymous_5)
FN:58,(anonymous_6)
FN:69,(anonymous_7)
FN:79,(anonymous_8)
FN:90,(anonymous_9)
FN:91,(anonymous_10)
FN:103,(anonymous_11)
FN:116,(anonymous_12)
FN:133,(anonymous_13)
FN:145,(anonymous_14)
FN:157,(anonymous_15)
FN:171,(anonymous_16)
FN:187,(anonymous_17)
FN:200,(anonymous_18)
FN:212,(anonymous_19)
FN:224,(anonymous_20)
FN:236,(anonymous_21)
FN:248,(anonymous_22)
FN:259,(anonymous_23)
FN:270,(anonymous_24)
FN:282,(anonymous_25)
FN:295,(anonymous_26)
FN:308,(anonymous_27)
FN:319,(anonymous_28)
FN:331,(anonymous_29)
FN:333,(anonymous_30)
FN:335,(anonymous_31)
FN:351,(anonymous_32)
FN:364,(anonymous_33)
FN:374,(anonymous_34)
FN:384,(anonymous_35)
FN:394,(anonymous_36)
FN:406,(anonymous_37)
FN:422,(anonymous_38)
FN:435,(anonymous_39)
FN:448,(anonymous_40)
FN:459,(anonymous_41)
FN:469,(anonymous_42)
FNF:41
FNH:1
FNDA:1,(anonymous_2)
FNDA:0,ApplicationService
FNDA:0,(anonymous_4)
FNDA:0,(anonymous_5)
FNDA:0,(anonymous_6)
FNDA:0,(anonymous_7)
FNDA:0,(anonymous_8)
FNDA:0,(anonymous_9)
FNDA:0,(anonymous_10)
FNDA:0,(anonymous_11)
FNDA:0,(anonymous_12)
FNDA:0,(anonymous_13)
FNDA:0,(anonymous_14)
FNDA:0,(anonymous_15)
FNDA:0,(anonymous_16)
FNDA:0,(anonymous_17)
FNDA:0,(anonymous_18)
FNDA:0,(anonymous_19)
FNDA:0,(anonymous_20)
FNDA:0,(anonymous_21)
FNDA:0,(anonymous_22)
FNDA:0,(anonymous_23)
FNDA:0,(anonymous_24)
FNDA:0,(anonymous_25)
FNDA:0,(anonymous_26)
FNDA:0,(anonymous_27)
FNDA:0,(anonymous_28)
FNDA:0,(anonymous_29)
FNDA:0,(anonymous_30)
FNDA:0,(anonymous_31)
FNDA:0,(anonymous_32)
FNDA:0,(anonymous_33)
FNDA:0,(anonymous_34)
FNDA:0,(anonymous_35)
FNDA:0,(anonymous_36)
FNDA:0,(anonymous_37)
FNDA:0,(anonymous_38)
FNDA:0,(anonymous_39)
FNDA:0,(anonymous_40)
FNDA:0,(anonymous_41)
FNDA:0,(anonymous_42)
DA:2,1
DA:3,1
DA:5,1
DA:17,1
DA:19,0
DA:27,1
DA:28,0
DA:29,0
DA:30,0
DA:31,0
DA:32,0
DA:33,0
DA:34,0
DA:35,0
DA:38,0
DA:39,0
DA:40,0
DA:42,0
DA:43,0
DA:46,0
DA:47,0
DA:48,0
DA:58,1
DA:59,0
DA:69,1
DA:70,0
DA:79,1
DA:80,0
DA:90,1
DA:91,0
DA:92,0
DA:103,1
DA:104,0
DA:105,0
DA:116,1
DA:117,0
DA:118,0
DA:119,0
DA:120,0
DA:121,0
DA:122,0
DA:133,1
DA:134,0
DA:135,0
DA:145,1
DA:146,0
DA:147,0
DA:157,1
DA:158,0
DA:159,0
DA:171,1
DA:172,0
DA:173,0
DA:177,0
DA:187,1
DA:188,0
DA:189,0
DA:200,1
DA:201,0
DA:202,0
DA:212,1
DA:213,0
DA:214,0
DA:224,1
DA:225,0
DA:226,0
DA:236,1
DA:237,0
DA:238,0
DA:248,1
DA:249,0
DA:259,1
DA:260,0
DA:270,1
DA:271,0
DA:282,1
DA:283,0
DA:284,0
DA:295,1
DA:296,0
DA:297,0
DA:308,1
DA:309,0
DA:310,0
DA:319,1
DA:320,0
DA:331,1
DA:332,0
DA:333,0
DA:334,0
DA:335,0
DA:340,0
DA:341,0
DA:351,1
DA:352,0
DA:353,0
DA:354,0
DA:355,0
DA:364,1
DA:365,0
DA:374,1
DA:375,0
DA:384,1
DA:385,0
DA:394,1
DA:395,0
DA:406,1
DA:407,0
DA:408,0
DA:409,0
DA:411,0
DA:412,0
DA:422,1
DA:423,0
DA:424,0
DA:435,1
DA:436,0
DA:437,0
DA:448,1
DA:449,0
DA:450,0
DA:459,1
DA:460,0
DA:461,0
DA:469,1
DA:470,0
DA:471,0
DA:473,1
LF:128
LH:40
BRDA:38,0,0,0
BRDA:38,0,1,0
BRDA:39,1,0,0
BRDA:39,1,1,0
BRDA:42,2,0,0
BRDA:42,2,1,0
BRDA:332,3,0,0
BRDA:332,3,1,0
BRDA:334,4,0,0
BRDA:334,4,1,0
BRDA:408,5,0,0
BRDA:408,5,1,0
BRF:12
BRH:0
end_of_record
TN:
SF:/Users/sguiheux/src/github.com/ovh/cds/ui/src/app/service/application/application.store.ts
FN:24,(anonymous_2)
FN:36,ApplicationStore
FN:44,(anonymous_4)
FN:53,(anonymous_5)
FN:54,(anonymous_6)
FN:63,(anonymous_7)
FN:68,(anonymous_8)
FN:82,(anonymous_9)
FN:88,(anonymous_10)
FN:103,(anonymous_11)
FN:116,(anonymous_12)
FN:124,(anonymous_13)
FN:127,(anonymous_14)
FN:130,(anonymous_15)
FN:132,(anonymous_16)
FN:146,(anonymous_17)
FN:147,(anonymous_18)
FN:156,(anonymous_19)
FN:157,(anonymous_20)
FN:167,(anonymous_21)
FN:168,(anonymous_22)
FN:190,(anonymous_23)
FN:191,(anonymous_24)
FN:201,(anonymous_25)
FN:209,(anonymous_26)
FN:222,(anonymous_27)
FN:224,(anonymous_28)
FN:234,(anonymous_29)
FN:246,(anonymous_30)
FN:248,(anonymous_31)
FN:258,(anonymous_32)
FN:273,(anonymous_33)
FN:274,(anonymous_34)
FN:286,(anonymous_35)
FN:287,(anonymous_36)
FN:299,(anonymous_37)
FN:300,(anonymous_38)
FN:312,(anonymous_39)
FN:314,(anonymous_40)
FN:326,(anonymous_41)
FN:328,(anonymous_42)
FN:340,(anonymous_43)
FN:341,(anonymous_44)
FN:353,(anonymous_45)
FN:354,(anonymous_46)
FN:366,(anonymous_47)
FN:367,(anonymous_48)
FN:379,(anonymous_49)
FN:380,(anonymous_50)
FN:392,(anonymous_51)
FN:412,(anonymous_52)
FN:413,(anonymous_53)
FN:425,(anonymous_54)
FN:426,(anonymous_55)
FN:438,(anonymous_56)
FN:439,(anonymous_57)
FN:451,(anonymous_58)
FN:472,(anonymous_59)
FN:473,(anonymous_60)
FN:486,(anonymous_61)
FN:487,(anonymous_62)
FN:500,(anonymous_63)
FN:501,(anonymous_64)
FN:513,(anonymous_65)
FN:533,(anonymous_66)
FN:534,(anonymous_67)
FN:539,(anonymous_68)
FN:540,(anonymous_69)
FN:551,(anonymous_70)
FN:552,(anonymous_71)
FN:564,(anonymous_72)
FN:584,(anonymous_73)
FN:585,(anonymous_74)
FN:597,(anonymous_75)
FN:618,(anonymous_76)
FN:619,(anonymous_77)
FN:631,(anonymous_78)
FN:632,(anonymous_79)
FN:654,(anonymous_80)
FN:655,(anonymous_81)
FN:660,(anonymous_82)
FN:678,(anonymous_83)
FN:679,(anonymous_84)
FN:692,(anonymous_85)
FN:693,(anonymous_86)
FN:706,(anonymous_87)
FN:707,(anonymous_88)
FN:720,(anonymous_89)
FN:721,(anonymous_90)
FN:733,(anonymous_91)
FN:734,(anonymous_92)
FN:745,(anonymous_93)
FN:756,(anonymous_94)
FNF:93
FNH:32
FNDA:1,(anonymous_2)
FNDA:5,ApplicationStore
FNDA:5,(anonymous_4)
FNDA:0,(anonymous_5)
FNDA:0,(anonymous_6)
FNDA:5,(anonymous_7)
FNDA:5,(anonymous_8)
FNDA:0,(anonymous_9)
FNDA:0,(anonymous_10)
FNDA:0,(anonymous_11)
FNDA:11,(anonymous_12)
FNDA:11,(anonymous_13)
FNDA:1,(anonymous_14)
FNDA:1,(anonymous_15)
FNDA:0,(anonymous_16)
FNDA:0,(anonymous_17)
FNDA:0,(anonymous_18)
FNDA:0,(anonymous_19)
FNDA:0,(anonymous_20)
FNDA:1,(anonymous_21)
FNDA:1,(anonymous_22)
FNDA:1,(anonymous_23)
FNDA:1,(anonymous_24)
FNDA:0,(anonymous_25)
FNDA:1,(anonymous_26)
FNDA:1,(anonymous_27)
FNDA:1,(anonymous_28)
FNDA:0,(anonymous_29)
FNDA:1,(anonymous_30)
FNDA:1,(anonymous_31)
FNDA:0,(anonymous_32)
FNDA:0,(anonymous_33)
FNDA:0,(anonymous_34)
FNDA:0,(anonymous_35)
FNDA:0,(anonymous_36)
FNDA:0,(anonymous_37)
FNDA:0,(anonymous_38)
FNDA:0,(anonymous_39)
FNDA:0,(anonymous_40)
FNDA:0,(anonymous_41)
FNDA:0,(anonymous_42)
FNDA:0,(anonymous_43)
FNDA:0,(anonymous_44)
FNDA:1,(anonymous_45)
FNDA:1,(anonymous_46)
FNDA:1,(anonymous_47)
FNDA:1,(anonymous_48)
FNDA:1,(anonymous_49)
FNDA:1,(anonymous_50)
FNDA:3,(anonymous_51)
FNDA:1,(anonymous_52)
FNDA:1,(anonymous_53)
FNDA:1,(anonymous_54)
FNDA:1,(anonymous_55)
FNDA:1,(anonymous_56)
FNDA:1,(anonymous_57)
FNDA:3,(anonymous_58)
FNDA:0,(anonymous_59)
FNDA:0,(anonymous_60)
FNDA:0,(anonymous_61)
FNDA:0,(anonymous_62)
FNDA:0,(anonymous_63)
FNDA:0,(anonymous_64)
FNDA:0,(anonymous_65)
FNDA:0,(anonymous_66)
FNDA:0,(anonymous_67)
FNDA:0,(anonymous_68)
FNDA:0,(anonymous_69)
FNDA:0,(anonymous_70)
FNDA:0,(anonymous_71)
FNDA:0,(anonymous_72)
FNDA:0,(anonymous_73)
FNDA:0,(anonymous_74)
FNDA:0,(anonymous_75)
FNDA:0,(anonymous_76)
FNDA:0,(anonymous_77)
FNDA:0,(anonymous_78)
FNDA:0,(anonymous_79)
FNDA:0,(anonymous_80)
FNDA:0,(anonymous_81)
FNDA:0,(anonymous_82)
FNDA:0,(anonymous_83)
FNDA:0,(anonymous_84)
FNDA:0,(anonymous_85)
FNDA:0,(anonymous_86)
FNDA:0,(anonymous_87)
FNDA:0,(anonymous_88)
FNDA:0,(anonymous_89)
FNDA:0,(anonymous_90)
FNDA:0,(anonymous_91)
FNDA:0,(anonymous_92)
FNDA:0,(anonymous_93)
FNDA:0,(anonymous_94)
DA:1,1
DA:3,1
DA:4,1
DA:5,1
DA:9,1
DA:16,1
DA:17,1
DA:18,1
DA:24,1
DA:26,1
DA:29,5
DA:32,5
DA:37,5
DA:38,5
DA:39,5
DA:40,5
DA:44,1
DA:45,5
DA:46,5
DA:53,1
DA:54,0
DA:63,5
DA:64,5
DA:65,5
DA:67,5
DA:68,5
DA:69,5
DA:70,5
DA:73,0
DA:82,1
DA:83,0
DA:84,0
DA:85,0
DA:86,0
DA:87,0
DA:88,0
DA:89,0
DA:91,0
DA:92,0
DA:95,0
DA:97,0
DA:98,0
DA:99,0
DA:100,0
DA:103,1
DA:104,0
DA:105,0
DA:106,0
DA:107,0
DA:108,0
DA:116,11
DA:119,11
DA:120,11
DA:121,11
DA:122,1
DA:124,11
DA:127,1
DA:128,1
DA:129,1
DA:130,1
DA:131,1
DA:133,0
DA:134,0
DA:135,0
DA:146,1
DA:147,0
DA:156,1
DA:157,0
DA:167,1
DA:168,1
DA:169,1
DA:170,1
DA:171,1
DA:172,1
DA:173,1
DA:174,1
DA:175,1
DA:177,1
DA:178,1
DA:180,1
DA:190,1
DA:191,1
DA:194,1
DA:195,1
DA:198,1
DA:201,0
DA:203,1
DA:205,1
DA:209,1
DA:210,1
DA:211,1
DA:222,1
DA:223,1
DA:225,1
DA:226,1
DA:227,1
DA:228,1
DA:229,1
DA:230,1
DA:231,1
DA:232,1
DA:233,1
DA:234,0
DA:237,1
DA:246,1
DA:247,1
DA:249,1
DA:250,1
DA:251,1
DA:252,1
DA:253,1
DA:254,1
DA:255,1
DA:256,1
DA:257,1
DA:258,0
DA:261,1
DA:273,1
DA:274,0
DA:275,0
DA:286,1
DA:287,0
DA:288,0
DA:299,1
DA:300,0
DA:301,0
DA:312,1
DA:313,0
DA:315,0
DA:326,1
DA:327,0
DA:329,0
DA:340,1
DA:341,0
DA:342,0
DA:353,1
DA:354,1
DA:355,1
DA:366,1
DA:367,1
DA:368,1
DA:379,1
DA:380,1
DA:381,1
DA:392,1
DA:393,3
DA:394,3
DA:395,3
DA:396,3
DA:397,3
DA:398,3
DA:399,3
DA:400,3
DA:402,0
DA:412,1
DA:413,1
DA:414,1
DA:425,1
DA:426,1
DA:427,1
DA:438,1
DA:439,1
DA:440,1
DA:451,1
DA:452,3
DA:453,3
DA:454,3
DA:455,3
DA:456,3
DA:457,3
DA:458,3
DA:459,3
DA:461,0
DA:472,1
DA:473,0
DA:474,0
DA:486,1
DA:487,0
DA:488,0
DA:500,1
DA:501,0
DA:502,0
DA:513,1
DA:514,0
DA:515,0
DA:516,0
DA:517,0
DA:518,0
DA:519,0
DA:520,0
DA:521,0
DA:523,0
DA:533,1
DA:534,0
DA:535,0
DA:539,1
DA:540,0
DA:541,0
DA:551,1
DA:552,0
DA:553,0
DA:564,1
DA:565,0
DA:566,0
DA:567,0
DA:568,0
DA:569,0
DA:570,0
DA:571,0
DA:572,0
DA:574,0
DA:584,1
DA:585,0
DA:586,0
DA:597,1
DA:598,0
DA:599,0
DA:600,0
DA:601,0
DA:602,0
DA:603,0
DA:604,0
DA:605,0
DA:606,0
DA:608,0
DA:618,1
DA:619,0
DA:620,0
DA:631,1
DA:632,0
DA:633,0
DA:634,0
DA:635,0
DA:636,0
DA:637,0
DA:638,0
DA:640,0
DA:641,0
DA:643,0
DA:654,1
DA:655,0
DA:656,0
DA:657,0
DA:658,0
DA:659,0
DA:660,0
DA:661,0
DA:662,0
DA:664,0
DA:666,0
DA:678,1
DA:679,0
DA:680,0
DA:692,1
DA:693,0
DA:694,0
DA:706,1
DA:707,0
DA:708,0
DA:720,1
DA:721,0
DA:722,0
DA:733,1
DA:734,0
DA:735,0
DA:745,1
DA:746,0
DA:756,1
DA:757,0
DA:758,0
DA:759,0
DA:760,0
DA:761,0
DA:762,0
DA:763,0
DA:764,0
DA:766,0
DA:768,1
LF:278
LH:151
BRDA:67,0,0,5
BRDA:67,0,1,0
BRDA:67,1,0,5
BRDA:67,1,1,0
BRDA:87,2,0,0
BRDA:87,2,1,0
BRDA:89,3,0,0
BRDA:89,3,1,0
BRDA:91,4,0,0
BRDA:91,4,1,0
BRDA:106,5,0,0
BRDA:106,5,1,0
BRDA:121,6,0,1
BRDA:121,6,1,10
BRDA:121,7,0,11
BRDA:121,7,1,11
BRDA:171,8,0,1
BRDA:171,8,1,0
BRDA:177,9,0,1
BRDA:177,9,1,0
BRDA:201,10,0,0
BRDA:201,10,1,0
BRDA:228,11,0,1
BRDA:228,11,1,0
BRDA:233,12,0,0
BRDA:233,12,1,1
BRDA:233,13,0,1
BRDA:233,13,1,0
BRDA:251,14,0,1
BRDA:251,14,1,0
BRDA:257,15,0,0
BRDA:257,15,1,1
BRDA:257,16,0,1
BRDA:257,16,1,0
BRDA:396,17,0,3
BRDA:396,17,1,0
BRDA:455,18,0,3
BRDA:455,18,1,0
BRDA:517,19,0,0
BRDA:517,19,1,0
BRDA:568,20,0,0
BRDA:568,20,1,0
BRDA:601,21,0,0
BRDA:601,21,1,0
BRDA:636,22,0,0
BRDA:636,22,1,0
BRDA:637,23,0,0
BRDA:637,23,1,0
BRDA:659,24,0,0
BRDA:659,24,1,0
BRDA:661,25,0,0
BRDA:661,25,1,0
BRDA:760,26,0,0
BRDA:760,26,1,0
BRF:54
BRH:16
end_of_record
TN:
SF:/Users/sguiheux/src/github.com/ovh/cds/ui/src/app/service/application/application.workflow.service.ts
FN:7,(anonymous_2)
FN:9,ApplicationWorkflowService
FN:18,(anonymous_4)
FN:30,(anonymous_5)
FN:41,(anonymous_6)
FNF:5
FNH:1
FNDA:1,(anonymous_2)
FNDA:0,ApplicationWorkflowService
FNDA:0,(anonymous_4)
FNDA:0,(anonymous_5)
FNDA:0,(anonymous_6)
DA:1,1
DA:2,1
DA:7,1
DA:9,0
DA:18,1
DA:19,0
DA:20,0
DA:21,0
DA:30,1
DA:31,0
DA:41,1
DA:42,0
DA:43,0
DA:44,0
DA:45,0
DA:47,1
LF:16
LH:7
BRDA:18,0,0,0
BRDA:18,0,1,0
BRDA:41,1,0,0
BRDA:41,1,1,0
BRF:4
BRH:0
end_of_record
TN:
SF:/Users/sguiheux/src/github.com/ovh/cds/ui/src/app/service/application/pipeline/application.pipeline.service.ts
FN:10,(anonymous_2)
FN:12,ApplicationPipelineService
FN:15,(anonymous_4)
FN:19,(anonymous_5)
FN:31,(anonymous_6)
FN:46,(anonymous_7)
FN:59,(anonymous_8)
FN:76,(anonymous_9)
FN:87,(anonymous_10)
FN:105,(anonymous_11)
FN:121,(anonymous_12)
FN:135,(anonymous_13)
FN:139,(anonymous_14)
FNF:13
FNH:1
FNDA:1,(anonymous_2)
FNDA:0,ApplicationPipelineService
FNDA:0,(anonymous_4)
FNDA:0,(anonymous_5)
FNDA:0,(anonymous_6)
FNDA:0,(anonymous_7)
FNDA:0,(anonymous_8)
FNDA:0,(anonymous_9)
FNDA:0,(anonymous_10)
FNDA:0,(anonymous_11)
FNDA:0,(anonymous_12)
FNDA:0,(anonymous_13)
FNDA:0,(anonymous_14)
DA:2,1
DA:3,1
DA:5,1
DA:10,1
DA:12,0
DA:15,1
DA:16,0
DA:17,0
DA:18,0
DA:19,0
DA:31,1
DA:32,0
DA:33,0
DA:34,0
DA:35,0
DA:46,1
DA:47,0
DA:48,0
DA:59,1
DA:60,0
DA:61,0
DA:76,1
DA:78,0
DA:79,0
DA:81,0
DA:88,0
DA:89,0
DA:93,0
DA:105,1
DA:106,0
DA:107,0
DA:108,0
DA:109,0
DA:110,0
DA:121,1
DA:122,0
DA:123,0
DA:135,1
DA:136,0
DA:137,0
DA:138,0
DA:139,0
DA:141,1
LF:43
LH:13
BRDA:88,0,0,0
BRDA:88,0,1,0
BRF:2
BRH:0
end_of_record
TN:
SF:/Users/sguiheux/src/github.com/ovh/cds/ui/src/app/service/auth/authenAdminRouteActivate.ts
FN:8,(anonymous_2)
FN:10,CanActivateAuthAdminRoute
FN:12,(anonymous_4)
FN:29,(anonymous_5)
FNF:4
FNH:1
FNDA:1,(anonymous_2)
FNDA:0,CanActivateAuthAdminRoute
FNDA:0,(anonymous_4)
FNDA:0,(anonymous_5)
DA:1,1
DA:2,1
DA:4,1
DA:8,1
DA:10,0
DA:12,1
DA:16,0
DA:17,0
DA:20,0
DA:25,0
DA:26,0
DA:29,1
DA:33,0
DA:34,0
DA:36,0
DA:41,0
DA:42,0
DA:44,1
LF:18
LH:7
BRDA:16,0,0,0
BRDA:16,0,1,0
BRDA:16,1,0,0
BRDA:16,1,1,0
BRDA:33,2,0,0
BRDA:33,2,1,0
BRDA:33,3,0,0
BRDA:33,3,1,0
BRF:8
BRH:0
end_of_record
TN:
SF:/Users/sguiheux/src/github.com/ovh/cds/ui/src/app/service/auth/authenRouteActivate.ts
FN:8,(anonymous_2)
FN:10,CanActivateAuthRoute
FN:12,(anonymous_4)
FN:30,(anonymous_5)
FNF:4
FNH:1
FNDA:1,(anonymous_2)
FNDA:0,CanActivateAuthRoute
FNDA:0,(anonymous_4)
FNDA:0,(anonymous_5)
DA:1,1
DA:2,1
DA:4,1
DA:8,1
DA:10,0
DA:12,1
DA:16,0
DA:17,0
DA:20,0
DA:26,0
DA:27,0
DA:30,1
DA:34,0
DA:35,0
DA:37,0
DA:41,0
DA:42,0
DA:45,0
DA:46,0
DA:48,1
LF:20
LH:7
BRDA:16,0,0,0
BRDA:16,0,1,0
BRDA:34,1,0,0
BRDA:34,1,1,0
BRDA:41,2,0,0
BRDA:41,2,1,0
BRDA:41,3,0,0
BRDA:41,3,1,0
BRF:8
BRH:0
end_of_record
TN:
SF:/Users/sguiheux/src/github.com/ovh/cds/ui/src/app/service/auth/authentification.store.ts
FN:7,(anonymous_2)
FN:19,AuthentificationStore
FN:35,(anonymous_4)
FN:36,(anonymous_5)
FN:45,(anonymous_6)
FN:49,(anonymous_7)
FN:57,(anonymous_8)
FN:66,(anonymous_9)
FN:78,(anonymous_10)
FN:89,(anonymous_11)
FNF:10
FNH:6
FNDA:1,(anonymous_2)
FNDA:1,AuthentificationStore
FNDA:1,(anonymous_4)
FNDA:1,(anonymous_5)
FNDA:0,(anonymous_6)
FNDA:0,(anonymous_7)
FNDA:1,(anonymous_8)
FNDA:0,(anonymous_9)
FNDA:0,(anonymous_10)
FNDA:1,(anonymous_11)
DA:1,1
DA:2,1
DA:7,1
DA:10,1
DA:11,1
DA:14,1
DA:21,1
DA:22,1
DA:25,0
DA:26,0
DA:27,0
DA:35,1
DA:36,1
DA:37,1
DA:45,1
DA:46,0
DA:49,1
DA:50,0
DA:57,1
DA:59,1
DA:66,1
DA:68,0
DA:69,0
DA:72,0
DA:78,1
DA:79,0
DA:80,0
DA:81,0
DA:89,1
DA:90,1
DA:91,1
DA:92,0
DA:94,1
DA:96,1
LF:34
LH:22
BRDA:21,0,0,1
BRDA:21,0,1,0
BRDA:26,1,0,0
BRDA:26,1,1,0
BRDA:68,2,0,0
BRDA:68,2,1,0
BRDA:91,3,0,0
BRDA:91,3,1,1
BRF:8
BRH:2
end_of_record
TN:
SF:/Users/sguiheux/src/github.com/ovh/cds/ui/src/app/service/broadcast/broadcast.service.ts
FN:11,(anonymous_2)
FN:13,BroadcastService
FN:20,(anonymous_4)
FN:28,(anonymous_5)
FN:29,(anonymous_6)
FN:38,(anonymous_7)
FN:46,(anonymous_8)
FN:55,(anonymous_9)
FN:56,(anonymous_10)
FN:63,(anonymous_11)
FNF:10
FNH:1
FNDA:1,(anonymous_2)
FNDA:0,BroadcastService
FNDA:0,(anonymous_4)
FNDA:0,(anonymous_5)
FNDA:0,(anonymous_6)
FNDA:0,(anonymous_7)
FNDA:0,(anonymous_8)
FNDA:0,(anonymous_9)
FNDA:0,(anonymous_10)
FNDA:0,(anonymous_11)
DA:1,1
DA:2,1
DA:4,1
DA:11,1
DA:13,0
DA:20,1
DA:21,0
DA:28,1
DA:29,0
DA:30,0
DA:38,1
DA:39,0
DA:46,1
DA:47,0
DA:55,1
DA:56,0
DA:63,1
DA:64,0
DA:66,1
LF:19
LH:11
BRF:0
BRH:0
end_of_record
TN:
SF:/Users/sguiheux/src/github.com/ovh/cds/ui/src/app/service/broadcast/broadcast.store.ts
FN:12,(anonymous_2)
FN:17,BroadcastStore
FN:20,(anonymous_4)
FN:21,(anonymous_5)
FN:27,(anonymous_6)
FN:31,(anonymous_7)
FN:32,(anonymous_8)
FN:38,(anonymous_9)
FN:42,(anonymous_10)
FN:43,(anonymous_11)
FN:49,(anonymous_12)
FN:50,(anonymous_13)
FN:65,(anonymous_14)
FN:67,(anonymous_15)
FN:71,(anonymous_16)
FN:74,(anonymous_17)
FN:81,(anonymous_18)
FNF:17
FNH:1
FNDA:1,(anonymous_2)
FNDA:0,BroadcastStore
FNDA:0,(anonymous_4)
FNDA:0,(anonymous_5)
FNDA:0,(anonymous_6)
FNDA:0,(anonymous_7)
FNDA:0,(anonymous_8)
FNDA:0,(anonymous_9)
FNDA:0,(anonymous_10)
FNDA:0,(anonymous_11)
FNDA:0,(anonymous_12)
FNDA:0,(anonymous_13)
FNDA:0,(anonymous_14)
FNDA:0,(anonymous_15)
FNDA:0,(anonymous_16)
FNDA:0,(anonymous_17)
FNDA:0,(anonymous_18)
DA:1,1
DA:2,1
DA:3,1
DA:4,1
DA:6,1
DA:12,1
DA:15,0
DA:17,0
DA:20,1
DA:21,0
DA:22,0
DA:23,0
DA:27,1
DA:28,0
DA:31,1
DA:32,0
DA:33,0
DA:34,0
DA:38,1
DA:39,0
DA:42,1
DA:43,0
DA:44,0
DA:45,0
DA:49,1
DA:50,0
DA:51,0
DA:52,0
DA:53,0
DA:55,0
DA:56,0
DA:65,1
DA:66,0
DA:67,0
DA:68,0
DA:70,0
DA:71,0
DA:72,0
DA:73,0
DA:74,0
DA:75,0
DA:77,0
DA:81,0
DA:83,1
LF:44
LH:14
BRDA:52,0,0,0
BRDA:52,0,1,0
BRDA:66,1,0,0
BRDA:66,1,1,0
BRDA:66,2,0,0
BRDA:66,2,1,0
BRDA:70,3,0,0
BRDA:70,3,1,0
BRDA:73,4,0,0
BRDA:73,4,1,0
BRF:10
BRH:0
end_of_record
TN:
SF:/Users/sguiheux/src/github.com/ovh/cds/ui/src/app/service/download/download.service.ts
FN:10,(anonymous_2)
FN:12,DownloadService
FN:19,(anonymous_4)
FNF:3
FNH:1
FNDA:1,(anonymous_2)
FNDA:0,DownloadService
FNDA:0,(anonymous_4)
DA:1,1
DA:2,1
DA:10,1
DA:12,0
DA:19,1
DA:20,0
DA:22,1
LF:7
LH:5
BRF:0
BRH:0
end_of_record
TN:
SF:/Users/sguiheux/src/github.com/ovh/cds/ui/src/app/service/environment/environment.audit.service.ts
FN:9,(anonymous_2)
FN:12,EnvironmentAuditService
FN:15,(anonymous_4)
FNF:3
FNH:1
FNDA:1,(anonymous_2)
FNDA:0,EnvironmentAuditService
FNDA:0,(anonymous_4)
DA:1,1
DA:2,1
DA:9,1
DA:12,0
DA:15,1
DA:16,0
DA:18,1
LF:7
LH:5
BRF:0
BRH:0
end_of_record
TN:
SF:/Users/sguiheux/src/github.com/ovh/cds/ui/src/app/service/environment/environment.service.ts
FN:10,(anonymous_2)
FN:13,EnvironmentService
FN:16,(anonymous_4)
FN:23,(anonymous_5)
FNF:4
FNH:2
FNDA:1,(anonymous_2)
FNDA:14,EnvironmentService
FNDA:0,(anonymous_4)
FNDA:0,(anonymous_5)
DA:1,1
DA:2,1
DA:10,1
DA:13,14
DA:16,1
DA:17,0
DA:18,0
DA:20,0
DA:23,1
DA:24,0
DA:26,1
LF:11
LH:7
BRF:0
BRH:0
end_of_record
TN:
SF:/Users/sguiheux/src/github.com/ovh/cds/ui/src/app/service/group/group.service.ts
FN:14,(anonymous_2)
FN:17,GroupService
FN:24,(anonymous_4)
FN:32,(anonymous_5)
FN:44,(anonymous_6)
FN:52,(anonymous_7)
FN:59,(anonymous_8)
FN:69,(anonymous_9)
FN:70,(anonymous_10)
FN:80,(anonymous_11)
FN:81,(anonymous_12)
FN:91,(anonymous_13)
FN:92,(anonymous_14)
FN:103,(anonymous_15)
FN:104,(anonymous_16)
FN:115,(anonymous_17)
FN:116,(anonymous_18)
FN:127,(anonymous_19)
FN:128,(anonymous_20)
FN:139,(anonymous_21)
FN:140,(anonymous_22)
FNF:21
FNH:1
FNDA:1,(anonymous_2)
FNDA:0,GroupService
FNDA:0,(anonymous_4)
FNDA:0,(anonymous_5)
FNDA:0,(anonymous_6)
FNDA:0,(anonymous_7)
FNDA:0,(anonymous_8)
FNDA:0,(anonymous_9)
FNDA:0,(anonymous_10)
FNDA:0,(anonymous_11)
FNDA:0,(anonymous_12)
FNDA:0,(anonymous_13)
FNDA:0,(anonymous_14)
FNDA:0,(anonymous_15)
FNDA:0,(anonymous_16)
FNDA:0,(anonymous_17)
FNDA:0,(anonymous_18)
FNDA:0,(anonymous_19)
FNDA:0,(anonymous_20)
FNDA:0,(anonymous_21)
FNDA:0,(anonymous_22)
DA:2,1
DA:3,1
DA:5,1
DA:14,1
DA:17,0
DA:24,1
DA:25,0
DA:32,1
DA:33,0
DA:34,0
DA:35,0
DA:37,0
DA:44,1
DA:45,0
DA:52,1
DA:53,0
DA:59,1
DA:60,0
DA:69,1
DA:70,0
DA:71,0
DA:80,1
DA:81,0
DA:82,0
DA:91,1
DA:92,0
DA:93,0
DA:103,1
DA:104,0
DA:105,0
DA:115,1
DA:116,0
DA:117,0
DA:127,1
DA:128,0
DA:129,0
DA:139,1
DA:140,0
DA:141,0
DA:145,1
LF:40
LH:17
BRDA:34,0,0,0
BRDA:34,0,1,0
BRF:2
BRH:0
end_of_record
TN:
SF:/Users/sguiheux/src/github.com/ovh/cds/ui/src/app/service/hook/hook.service.ts
FN:12,(anonymous_2)
FN:14,HookService
FN:17,(anonymous_4)
FN:19,(anonymous_5)
FN:24,(anonymous_6)
FNF:5
FNH:1
FNDA:1,(anonymous_2)
FNDA:0,HookService
FNDA:0,(anonymous_4)
FNDA:0,(anonymous_5)
FNDA:0,(anonymous_6)
DA:2,1
DA:3,1
DA:5,1
DA:12,1
DA:14,0
DA:17,1
DA:18,0
DA:20,0
DA:24,1
DA:25,0
DA:27,1
LF:11
LH:7
BRF:0
BRH:0
end_of_record
TN:
SF:/Users/sguiheux/src/github.com/ovh/cds/ui/src/app/service/import-as-code/import.service.ts
FN:9,(anonymous_2)
FN:12,ImportAsCodeService
FN:14,(anonymous_4)
FN:18,(anonymous_5)
FN:20,(anonymous_6)
FNF:5
FNH:1
FNDA:1,(anonymous_2)
FNDA:0,ImportAsCodeService
FNDA:0,(anonymous_4)
FNDA:0,(anonymous_5)
FNDA:0,(anonymous_6)
DA:2,1
DA:3,1
DA:5,1
DA:6,1
DA:9,1
DA:12,0
DA:14,1
DA:15,0
DA:18,1
DA:19,0
DA:21,0
DA:22,0
DA:23,0
DA:24,0
DA:25,0
DA:28,1
LF:16
LH:8
BRF:0
BRH:0
end_of_record
TN:
SF:/Users/sguiheux/src/github.com/ovh/cds/ui/src/app/service/keys/keys.service.ts
FN:9,(anonymous_2)
FN:11,KeyService
FN:19,(anonymous_4)
FN:25,(anonymous_5)
FN:35,(anonymous_6)
FN:36,(anonymous_7)
FN:38,(anonymous_8)
FN:38,(anonymous_9)
FN:39,(anonymous_10)
FN:39,(anonymous_11)
FNF:10
FNH:1
FNDA:1,(anonymous_2)
FNDA:0,KeyService
FNDA:0,(anonymous_4)
FNDA:0,(anonymous_5)
FNDA:0,(anonymous_6)
FNDA:0,(anonymous_7)
FNDA:0,(anonymous_8)
FNDA:0,(anonymous_9)
FNDA:0,(anonymous_10)
FNDA:0,(anonymous_11)
DA:2,1
DA:3,1
DA:5,1
DA:6,1
DA:9,1
DA:11,0
DA:19,1
DA:20,0
DA:21,0
DA:22,0
DA:25,0
DA:26,0
DA:35,1
DA:36,0
DA:37,0
DA:38,0
DA:39,0
DA:40,0
DA:43,1
LF:19
LH:8
BRDA:21,0,0,0
BRDA:21,0,1,0
BRF:2
BRH:0
end_of_record
TN:
SF:/Users/sguiheux/src/github.com/ovh/cds/ui/src/app/service/language/language.store.ts
FN:6,(anonymous_2)
FN:10,LanguageStore
FN:17,(anonymous_4)
FN:18,(anonymous_5)
FN:21,(anonymous_6)
FNF:5
FNH:1
FNDA:1,(anonymous_2)
FNDA:0,LanguageStore
FNDA:0,(anonymous_4)
FNDA:0,(anonymous_5)
FNDA:0,(anonymous_6)
DA:1,1
DA:2,1
DA:3,1
DA:6,1
DA:8,0
DA:11,0
DA:12,0
DA:13,0
DA:17,1
DA:18,0
DA:21,1
DA:22,0
DA:23,0
DA:25,0
DA:27,1
LF:15
LH:7
BRDA:12,0,0,0
BRDA:12,0,1,0
BRF:2
BRH:0
end_of_record
TN:
SF:/Users/sguiheux/src/github.com/ovh/cds/ui/src/app/service/monitoring/monitoring.service.ts
FN:10,(anonymous_2)
FN:12,MonitoringService
FN:19,(anonymous_4)
FNF:3
FNH:1
FNDA:1,(anonymous_2)
FNDA:0,MonitoringService
FNDA:0,(anonymous_4)
DA:1,1
DA:2,1
DA:10,1
DA:12,0
DA:19,1
DA:20,0
DA:22,1
LF:7
LH:5
BRF:0
BRH:0
end_of_record
TN:
SF:/Users/sguiheux/src/github.com/ovh/cds/ui/src/app/service/navbar/navbar.service.ts
FN:11,(anonymous_2)
FN:15,NavbarService
FN:22,(anonymous_4)
FN:25,(anonymous_5)
FN:30,(anonymous_6)
FNF:5
FNH:2
FNDA:1,(anonymous_2)
FNDA:14,NavbarService
FNDA:0,(anonymous_4)
FNDA:0,(anonymous_5)
FNDA:0,(anonymous_6)
DA:1,1
DA:2,1
DA:3,1
DA:4,1
DA:11,1
DA:13,14
DA:15,14
DA:22,1
DA:23,0
DA:24,0
DA:26,0
DA:30,0
DA:32,1
LF:13
LH:9
BRDA:23,0,0,0
BRDA:23,0,1,0
BRF:2
BRH:0
end_of_record
TN:
SF:/Users/sguiheux/src/github.com/ovh/cds/ui/src/app/service/notification/notification.service.ts
FN:8,(anonymous_2)
FN:12,NotificationService
FN:16,(anonymous_4)
FN:18,(anonymous_5)
FN:22,(anonymous_6)
FN:26,(anonymous_7)
FN:32,(anonymous_8)
FN:44,(anonymous_9)
FN:51,(anonymous_10)
FN:61,(anonymous_11)
FN:68,(anonymous_12)
FNF:11
FNH:1
FNDA:1,(anonymous_2)
FNDA:0,NotificationService
FNDA:0,(anonymous_4)
FNDA:0,(anonymous_5)
FNDA:0,(anonymous_6)
FNDA:0,(anonymous_7)
FNDA:0,(anonymous_8)
FNDA:0,(anonymous_9)
FNDA:0,(anonymous_10)
FNDA:0,(anonymous_11)
FNDA:0,(anonymous_12)
DA:1,1
DA:2,1
DA:8,1
DA:13,0
DA:16,1
DA:17,0
DA:18,0
DA:22,1
DA:23,0
DA:26,1
DA:27,0
DA:32,0
DA:34,0
DA:35,0
DA:38,0
DA:39,0
DA:42,0
DA:44,0
DA:45,0
DA:46,0
DA:48,0
DA:51,0
DA:52,0
DA:53,0
DA:55,0
DA:56,0
DA:58,0
DA:61,0
DA:62,0
DA:63,0
DA:65,0
DA:68,0
DA:69,0
DA:70,0
DA:72,0
DA:76,1
LF:36
LH:7
BRDA:13,0,0,0
BRDA:13,0,1,0
BRDA:17,1,0,0
BRDA:17,1,1,0
BRDA:34,2,0,0
BRDA:34,2,1,0
BRDA:38,3,0,0
BRDA:38,3,1,0
BRDA:45,4,0,0
BRDA:45,4,1,0
BRDA:45,5,0,0
BRDA:45,5,1,0
BRDA:52,6,0,0
BRDA:52,6,1,0
BRDA:52,7,0,0
BRDA:52,7,1,0
BRDA:62,8,0,0
BRDA:62,8,1,0
BRDA:62,9,0,0
BRDA:62,9,1,0
BRDA:69,10,0,0
BRDA:69,10,1,0
BRDA:69,11,0,0
BRDA:69,11,1,0
BRF:24
BRH:0
end_of_record
TN:
SF:/Users/sguiheux/src/github.com/ovh/cds/ui/src/app/service/parameter/parameter.service.ts
FN:11,(anonymous_2)
FN:15,ParameterService
FN:22,(anonymous_4)
FN:30,(anonymous_5)
FN:31,(anonymous_6)
FNF:5
FNH:1
FNDA:1,(anonymous_2)
FNDA:0,ParameterService
FNDA:0,(anonymous_4)
FNDA:0,(anonymous_5)
FNDA:0,(anonymous_6)
DA:2,1
DA:3,1
DA:5,1
DA:11,1
DA:15,0
DA:22,1
DA:23,0
DA:30,1
DA:31,0
DA:32,0
DA:33,0
DA:36,1
LF:12
LH:7
BRF:0
BRH:0
end_of_record
TN:
SF:/Users/sguiheux/src/github.com/ovh/cds/ui/src/app/service/pipeline/pipeline.audit.service.ts
FN:8,(anonymous_2)
FN:10,PipelineAuditService
FN:14,(anonymous_4)
FNF:3
FNH:1
FNDA:1,(anonymous_2)
FNDA:0,PipelineAuditService
FNDA:0,(anonymous_4)
DA:1,1
DA:2,1
DA:8,1
DA:10,0
DA:14,1
DA:15,0
DA:17,1
LF:7
LH:5
BRF:0
BRH:0
end_of_record
TN:
SF:/Users/sguiheux/src/github.com/ovh/cds/ui/src/app/service/pipeline/pipeline.core.service.ts
FN:6,(anonymous_1)
FN:5,PipelineCoreService
FN:12,(anonymous_3)
FN:13,(anonymous_4)
FN:16,(anonymous_5)
FN:20,(anonymous_6)
FN:21,(anonymous_7)
FN:24,(anonymous_8)
FNF:8
FNH:1
FNDA:1,(anonymous_1)
FNDA:0,PipelineCoreService
FNDA:0,(anonymous_3)
FNDA:0,(anonymous_4)
FNDA:0,(anonymous_5)
FNDA:0,(anonymous_6)
FNDA:0,(anonymous_7)
FNDA:0,(anonymous_8)
DA:1,1
DA:2,1
DA:6,1
DA:8,0
DA:9,0
DA:12,1
DA:13,0
DA:16,1
DA:17,0
DA:20,1
DA:21,0
DA:24,1
DA:25,0
DA:26,0
DA:27,0
DA:29,0
DA:31,1
LF:17
LH:8
BRDA:25,0,0,0
BRDA:25,0,1,0
BRF:2
BRH:0
end_of_record
TN:
SF:/Users/sguiheux/src/github.com/ovh/cds/ui/src/app/service/pipeline/pipeline.resolver.ts
FN:8,(anonymous_2)
FN:14,PipelineResolver
FN:10,(anonymous_4)
FNF:3
FNH:1
FNDA:1,(anonymous_2)
FNDA:0,PipelineResolver
FNDA:0,(anonymous_4)
DA:1,1
DA:5,1
DA:8,1
DA:10,1
DA:11,0
DA:14,0
DA:15,1
LF:7
LH:5
BRF:0
BRH:0
end_of_record
TN:
SF:/Users/sguiheux/src/github.com/ovh/cds/ui/src/app/service/pipeline/pipeline.service.ts
FN:18,(anonymous_2)
FN:20,PipelineService
FN:28,(anonymous_4)
FN:36,(anonymous_5)
FN:50,(anonymous_6)
FN:59,(anonymous_7)
FN:77,(anonymous_8)
FN:78,(anonymous_9)
FN:89,(anonymous_10)
FN:99,(anonymous_11)
FN:107,(anonymous_12)
FN:118,(anonymous_13)
FN:129,(anonymous_14)
FN:140,(anonymous_15)
FN:152,(anonymous_16)
FN:164,(anonymous_17)
FN:177,(anonymous_18)
FN:189,(anonymous_19)
FN:200,(anonymous_20)
FN:211,(anonymous_21)
FN:222,(anonymous_22)
FN:233,(anonymous_23)
FN:245,(anonymous_24)
FN:255,(anonymous_25)
FN:264,(anonymous_26)
FN:277,(anonymous_27)
FNF:26
FNH:1
FNDA:1,(anonymous_2)
FNDA:0,PipelineService
FNDA:0,(anonymous_4)
FNDA:0,(anonymous_5)
FNDA:0,(anonymous_6)
FNDA:0,(anonymous_7)
FNDA:0,(anonymous_8)
FNDA:0,(anonymous_9)
FNDA:0,(anonymous_10)
FNDA:0,(anonymous_11)
FNDA:0,(anonymous_12)
FNDA:0,(anonymous_13)
FNDA:0,(anonymous_14)
FNDA:0,(anonymous_15)
FNDA:0,(anonymous_16)
FNDA:0,(anonymous_17)
FNDA:0,(anonymous_18)
FNDA:0,(anonymous_19)
FNDA:0,(anonymous_20)
FNDA:0,(anonymous_21)
FNDA:0,(anonymous_22)
FNDA:0,(anonymous_23)
FNDA:0,(anonymous_24)
FNDA:0,(anonymous_25)
FNDA:0,(anonymous_26)
FNDA:0,(anonymous_27)
DA:2,1
DA:3,1
DA:5,1
DA:9,1
DA:18,1
DA:20,0
DA:28,1
DA:29,0
DA:36,1
DA:37,0
DA:38,0
DA:39,0
DA:40,0
DA:41,0
DA:50,1
DA:51,0
DA:59,1
DA:60,0
DA:61,0
DA:62,0
DA:63,0
DA:64,0
DA:65,0
DA:68,0
DA:77,1
DA:78,0
DA:79,0
DA:89,1
DA:90,0
DA:99,1
DA:100,0
DA:107,1
DA:108,0
DA:118,1
DA:119,0
DA:129,1
DA:130,0
DA:140,1
DA:141,0
DA:152,1
DA:153,0
DA:164,1
DA:165,0
DA:166,0
DA:177,1
DA:178,0
DA:179,0
DA:189,1
DA:190,0
DA:200,1
DA:201,0
DA:211,1
DA:212,0
DA:222,1
DA:223,0
DA:233,1
DA:234,0
DA:245,1
DA:246,0
DA:255,1
DA:256,0
DA:264,1
DA:265,0
DA:266,0
DA:267,0
DA:269,0
DA:277,1
DA:278,0
DA:279,0
DA:280,0
DA:281,0
DA:283,0
DA:285,1
LF:73
LH:29
BRDA:64,0,0,0
BRDA:64,0,1,0
BRDA:235,1,0,0
BRDA:235,1,1,0
BRF:4
BRH:0
end_of_record
TN:
SF:/Users/sguiheux/src/github.com/ovh/cds/ui/src/app/service/pipeline/pipeline.store.ts
FN:18,(anonymous_2)
FN:26,PipelineStore
FN:36,(anonymous_4)
FN:40,(anonymous_5)
FN:54,(anonymous_6)
FN:58,(anonymous_7)
FN:62,(anonymous_8)
FN:65,(anonymous_9)
FN:71,(anonymous_10)
FN:74,(anonymous_11)
FN:77,(anonymous_12)
FN:79,(anonymous_13)
FN:86,(anonymous_14)
FN:95,(anonymous_15)
FN:105,(anonymous_16)
FN:108,(anonymous_17)
FN:114,(anonymous_18)
FN:132,(anonymous_19)
FN:133,(anonymous_20)
FN:148,(anonymous_21)
FN:149,(anonymous_22)
FN:169,(anonymous_23)
FN:170,(anonymous_24)
FN:183,(anonymous_25)
FN:184,(anonymous_26)
FN:197,(anonymous_27)
FN:198,(anonymous_28)
FN:210,(anonymous_29)
FN:211,(anonymous_30)
FN:223,(anonymous_31)
FN:244,(anonymous_32)
FN:245,(anonymous_33)
FN:258,(anonymous_34)
FN:259,(anonymous_35)
FN:272,(anonymous_36)
FN:273,(anonymous_37)
FN:285,(anonymous_38)
FN:286,(anonymous_39)
FN:298,(anonymous_40)
FN:299,(anonymous_41)
FN:311,(anonymous_42)
FN:312,(anonymous_43)
FN:324,(anonymous_44)
FN:344,(anonymous_45)
FN:345,(anonymous_46)
FN:357,(anonymous_47)
FN:358,(anonymous_48)
FN:370,(anonymous_49)
FN:371,(anonymous_50)
FN:383,(anonymous_51)
FN:402,(anonymous_52)
FN:403,(anonymous_53)
FN:416,(anonymous_54)
FNF:53
FNH:40
FNDA:1,(anonymous_2)
FNDA:6,PipelineStore
FNDA:0,(anonymous_4)
FNDA:0,(anonymous_5)
FNDA:0,(anonymous_6)
FNDA:0,(anonymous_7)
FNDA:0,(anonymous_8)
FNDA:16,(anonymous_9)
FNDA:16,(anonymous_10)
FNDA:2,(anonymous_11)
FNDA:2,(anonymous_12)
FNDA:0,(anonymous_13)
FNDA:0,(anonymous_14)
FNDA:1,(anonymous_15)
FNDA:0,(anonymous_16)
FNDA:0,(anonymous_17)
FNDA:0,(anonymous_18)
FNDA:6,(anonymous_19)
FNDA:6,(anonymous_20)
FNDA:1,(anonymous_21)
FNDA:1,(anonymous_22)
FNDA:1,(anonymous_23)
FNDA:1,(anonymous_24)
FNDA:1,(anonymous_25)
FNDA:1,(anonymous_26)
FNDA:1,(anonymous_27)
FNDA:1,(anonymous_28)
FNDA:1,(anonymous_29)
FNDA:1,(anonymous_30)
FNDA:6,(anonymous_31)
FNDA:1,(anonymous_32)
FNDA:1,(anonymous_33)
FNDA:1,(anonymous_34)
FNDA:1,(anonymous_35)
FNDA:1,(anonymous_36)
FNDA:1,(anonymous_37)
FNDA:1,(anonymous_38)
FNDA:1,(anonymous_39)
FNDA:1,(anonymous_40)
FNDA:1,(anonymous_41)
FNDA:1,(anonymous_42)
FNDA:1,(anonymous_43)
FNDA:3,(anonymous_44)
FNDA:1,(anonymous_45)
FNDA:1,(anonymous_46)
FNDA:1,(anonymous_47)
FNDA:1,(anonymous_48)
FNDA:1,(anonymous_49)
FNDA:1,(anonymous_50)
FNDA:3,(anonymous_51)
FNDA:0,(anonymous_52)
FNDA:0,(anonymous_53)
FNDA:0,(anonymous_54)
DA:2,1
DA:3,1
DA:4,1
DA:12,1
DA:14,1
DA:18,1
DA:21,6
DA:24,6
DA:26,6
DA:36,1
DA:37,0
DA:38,0
DA:39,0
DA:40,0
DA:41,0
DA:42,0
DA:45,0
DA:54,1
DA:55,0
DA:57,0
DA:58,0
DA:59,0
DA:62,0
DA:65,16
DA:66,16
DA:67,16
DA:68,16
DA:69,2
DA:71,16
DA:74,2
DA:75,2
DA:76,2
DA:77,2
DA:78,2
DA:80,0
DA:81,0
DA:82,0
DA:86,1
DA:87,0
DA:88,0
DA:89,0
DA:90,0
DA:91,0
DA:95,1
DA:96,1
DA:97,1
DA:105,1
DA:106,0
DA:109,0
DA:110,0
DA:112,0
DA:115,0
DA:116,0
DA:117,0
DA:118,0
DA:119,0
DA:121,0
DA:132,6
DA:133,6
DA:134,6
DA:135,6
DA:136,6
DA:137,6
DA:148,1
DA:149,1
DA:151,1
DA:152,1
DA:153,1
DA:154,1
DA:155,1
DA:156,1
DA:157,1
DA:159,1
DA:169,1
DA:170,1
DA:171,1
DA:172,1
DA:173,1
DA:183,1
DA:184,1
DA:185,1
DA:186,1
DA:197,1
DA:198,1
DA:199,1
DA:210,1
DA:211,1
DA:212,1
DA:223,1
DA:224,6
DA:225,6
DA:226,6
DA:227,6
DA:228,6
DA:229,6
DA:230,6
DA:231,6
DA:233,0
DA:244,1
DA:245,1
DA:246,1
DA:258,1
DA:259,1
DA:260,1
DA:272,1
DA:273,1
DA:274,1
DA:285,1
DA:286,1
DA:287,1
DA:298,1
DA:299,1
DA:300,1
DA:311,1
DA:312,1
DA:313,1
DA:324,1
DA:325,3
DA:326,3
DA:327,3
DA:328,3
DA:329,3
DA:330,3
DA:331,3
DA:332,3
DA:334,0
DA:344,1
DA:345,1
DA:346,1
DA:357,1
DA:358,1
DA:359,1
DA:370,1
DA:371,1
DA:372,1
DA:383,1
DA:384,3
DA:385,3
DA:386,3
DA:387,3
DA:388,3
DA:389,3
DA:390,3
DA:391,3
DA:393,0
DA:402,1
DA:403,0
DA:404,0
DA:416,1
DA:417,0
DA:418,0
DA:419,0
DA:420,0
DA:421,0
DA:422,0
DA:424,0
DA:426,0
DA:428,1
LF:158
LH:115
BRDA:39,0,0,0
BRDA:39,0,1,0
BRDA:39,1,0,0
BRDA:39,1,1,0
BRDA:57,2,0,0
BRDA:57,2,1,0
BRDA:68,3,0,2
BRDA:68,3,1,14
BRDA:68,4,0,16
BRDA:68,4,1,16
BRDA:89,5,0,0
BRDA:89,5,1,0
BRDA:109,6,0,0
BRDA:109,6,1,0
BRDA:115,7,0,0
BRDA:115,7,1,0
BRDA:153,8,0,1
BRDA:153,8,1,0
BRDA:227,9,0,6
BRDA:227,9,1,0
BRDA:328,10,0,3
BRDA:328,10,1,0
BRDA:387,11,0,3
BRDA:387,11,1,0
BRDA:420,12,0,0
BRDA:420,12,1,0
BRDA:421,13,0,0
BRDA:421,13,1,0
BRF:28
BRH:8
end_of_record
TN:
SF:/Users/sguiheux/src/github.com/ovh/cds/ui/src/app/service/platform/platform.service.ts
FN:7,(anonymous_2)
FN:9,PlatformService
FN:11,(anonymous_4)
FNF:3
FNH:1
FNDA:1,(anonymous_2)
FNDA:0,PlatformService
FNDA:0,(anonymous_4)
DA:1,1
DA:2,1
DA:7,1
DA:9,0
DA:11,1
DA:12,0
DA:15,1
LF:7
LH:5
BRF:0
BRH:0
end_of_record
TN:
SF:/Users/sguiheux/src/github.com/ovh/cds/ui/src/app/service/project/project.audit.service.ts
FN:10,(anonymous_2)
FN:13,ProjectAuditService
FN:16,(anonymous_4)
FNF:3
FNH:1
FNDA:1,(anonymous_2)
FNDA:0,ProjectAuditService
FNDA:0,(anonymous_4)
DA:1,1
DA:2,1
DA:10,1
DA:13,0
DA:16,1
DA:17,0
DA:19,1
LF:7
LH:5
BRF:0
BRH:0
end_of_record
TN:
SF:/Users/sguiheux/src/github.com/ovh/cds/ui/src/app/service/project/project.resolver.ts
FN:10,(anonymous_2)
FN:23,ProjectResolver
FN:12,(anonymous_4)
FN:27,(anonymous_5)
FN:43,ProjectForWorkflowResolver
FN:29,(anonymous_7)
FN:47,(anonymous_8)
FN:61,ProjectForApplicationResolver
FN:49,(anonymous_10)
FNF:9
FNH:3
FNDA:1,(anonymous_2)
FNDA:0,ProjectResolver
FNDA:0,(anonymous_4)
FNDA:1,(anonymous_5)
FNDA:0,ProjectForWorkflowResolver
FNDA:0,(anonymous_7)
FNDA:1,(anonymous_8)
FNDA:0,ProjectForApplicationResolver
FNDA:0,(anonymous_10)
DA:1,1
DA:4,1
DA:5,1
DA:6,1
DA:7,1
DA:10,1
DA:12,1
DA:13,0
DA:14,0
DA:20,0
DA:23,0
DA:24,1
DA:27,1
DA:29,1
DA:30,0
DA:31,0
DA:40,0
DA:43,0
DA:44,1
DA:47,1
DA:49,1
DA:50,0
DA:51,0
DA:58,0
DA:61,0
DA:62,1
LF:26
LH:14
BRF:0
BRH:0
end_of_record
TN:
SF:/Users/sguiheux/src/github.com/ovh/cds/ui/src/app/service/project/project.service.ts
FN:20,(anonymous_2)
FN:22,ProjectService
FN:30,(anonymous_4)
FN:46,(anonymous_5)
FN:55,(anonymous_6)
FN:64,(anonymous_7)
FN:73,(anonymous_8)
FN:82,(anonymous_9)
FN:94,(anonymous_10)
FN:95,(anonymous_11)
FN:106,(anonymous_12)
FN:116,(anonymous_13)
FN:126,(anonymous_14)
FN:127,(anonymous_15)
FN:136,(anonymous_16)
FN:146,(anonymous_17)
FN:156,(anonymous_18)
FN:157,(anonymous_19)
FN:166,(anonymous_20)
FN:176,(anonymous_21)
FN:188,(anonymous_22)
FN:203,(anonymous_23)
FN:216,(anonymous_24)
FN:226,(anonymous_25)
FN:237,(anonymous_26)
FN:247,(anonymous_27)
FN:258,(anonymous_28)
FN:269,(anonymous_29)
FN:280,(anonymous_30)
FN:291,(anonymous_31)
FN:302,(anonymous_32)
FN:313,(anonymous_33)
FN:314,(anonymous_34)
FN:321,(anonymous_35)
FN:330,(anonymous_36)
FN:340,(anonymous_37)
FN:350,(anonymous_38)
FN:358,(anonymous_39)
FN:367,(anonymous_40)
FN:377,(anonymous_41)
FN:387,(anonymous_42)
FN:397,(anonymous_43)
FNF:42
FNH:2
FNDA:1,(anonymous_2)
FNDA:5,ProjectService
FNDA:0,(anonymous_4)
FNDA:0,(anonymous_5)
FNDA:0,(anonymous_6)
FNDA:0,(anonymous_7)
FNDA:0,(anonymous_8)
FNDA:0,(anonymous_9)
FNDA:0,(anonymous_10)
FNDA:0,(anonymous_11)
FNDA:0,(anonymous_12)
FNDA:0,(anonymous_13)
FNDA:0,(anonymous_14)
FNDA:0,(anonymous_15)
FNDA:0,(anonymous_16)
FNDA:0,(anonymous_17)
FNDA:0,(anonymous_18)
FNDA:0,(anonymous_19)
FNDA:0,(anonymous_20)
FNDA:0,(anonymous_21)
FNDA:0,(anonymous_22)
FNDA:0,(anonymous_23)
FNDA:0,(anonymous_24)
FNDA:0,(anonymous_25)
FNDA:0,(anonymous_26)
FNDA:0,(anonymous_27)
FNDA:0,(anonymous_28)
FNDA:0,(anonymous_29)
FNDA:0,(anonymous_30)
FNDA:0,(anonymous_31)
FNDA:0,(anonymous_32)
FNDA:0,(anonymous_33)
FNDA:0,(anonymous_34)
FNDA:0,(anonymous_35)
FNDA:0,(anonymous_36)
FNDA:0,(anonymous_37)
FNDA:0,(anonymous_38)
FNDA:0,(anonymous_39)
FNDA:0,(anonymous_40)
FNDA:0,(anonymous_41)
FNDA:0,(anonymous_42)
FNDA:0,(anonymous_43)
DA:2,1
DA:3,1
DA:5,1
DA:12,1
DA:20,1
DA:22,5
DA:30,1
DA:31,0
DA:33,0
DA:34,0
DA:39,0
DA:44,0
DA:45,0
DA:46,0
DA:48,0
DA:55,1
DA:56,0
DA:64,1
DA:65,0
DA:73,1
DA:74,0
DA:82,1
DA:83,0
DA:94,1
DA:95,0
DA:96,0
DA:106,1
DA:107,0
DA:116,1
DA:117,0
DA:126,1
DA:127,0
DA:136,1
DA:137,0
DA:146,1
DA:147,0
DA:156,1
DA:157,0
DA:166,1
DA:167,0
DA:176,1
DA:177,0
DA:188,1
DA:189,0
DA:193,0
DA:194,0
DA:203,1
DA:204,0
DA:205,0
DA:207,0
DA:216,1
DA:217,0
DA:226,1
DA:227,0
DA:237,1
DA:238,0
DA:247,1
DA:248,0
DA:258,1
DA:259,0
DA:269,1
DA:270,0
DA:280,1
DA:281,0
DA:291,1
DA:292,0
DA:302,1
DA:303,0
DA:313,1
DA:314,0
DA:321,1
DA:322,0
DA:330,1
DA:331,0
DA:340,1
DA:341,0
DA:350,1
DA:351,0
DA:358,1
DA:359,0
DA:367,1
DA:368,0
DA:377,1
DA:378,0
DA:387,1
DA:388,0
DA:397,1
DA:398,0
DA:400,1
LF:89
LH:42
BRDA:33,0,0,0
BRDA:33,0,1,0
BRDA:33,1,0,0
BRDA:33,1,1,0
BRF:4
BRH:0
end_of_record
TN:
SF:/Users/sguiheux/src/github.com/ovh/cds/ui/src/app/service/project/project.store.ts
FN:21,(anonymous_2)
FN:29,ProjectStore
FN:42,(anonymous_4)
FN:46,(anonymous_5)
FN:50,(anonymous_6)
FN:58,(anonymous_7)
FN:65,(anonymous_8)
FN:81,(anonymous_9)
FN:82,(anonymous_10)
FN:88,(anonymous_11)
FN:135,(anonymous_12)
FN:151,(anonymous_13)
FN:153,(anonymous_14)
FN:167,(anonymous_15)
FN:183,(anonymous_16)
FN:185,(anonymous_17)
FN:194,(anonymous_18)
FN:209,(anonymous_19)
FN:220,(anonymous_20)
FN:222,(anonymous_21)
FN:236,(anonymous_22)
FN:238,(anonymous_23)
FN:252,(anonymous_24)
FN:257,(anonymous_25)
FN:259,(anonymous_26)
FN:263,(anonymous_27)
FN:271,(anonymous_28)
FN:272,(anonymous_29)
FN:287,(anonymous_30)
FN:288,(anonymous_31)
FN:291,(anonymous_32)
FN:316,(anonymous_33)
FN:317,(anonymous_34)
FN:336,(anonymous_35)
FN:340,(anonymous_36)
FN:357,(anonymous_37)
FN:358,(anonymous_38)
FN:377,(anonymous_39)
FN:378,(anonymous_40)
FN:396,(anonymous_41)
FN:397,(anonymous_42)
FN:403,(anonymous_43)
FN:419,(anonymous_44)
FN:420,(anonymous_45)
FN:422,(anonymous_46)
FN:430,(anonymous_47)
FN:441,(anonymous_48)
FN:442,(anonymous_49)
FN:453,(anonymous_50)
FN:454,(anonymous_51)
FN:458,(anonymous_52)
FN:474,(anonymous_53)
FN:475,(anonymous_54)
FN:479,(anonymous_55)
FN:495,(anonymous_56)
FN:513,(anonymous_57)
FN:514,(anonymous_58)
FN:531,(anonymous_59)
FN:533,(anonymous_60)
FN:537,(anonymous_61)
FN:555,(anonymous_62)
FN:556,(anonymous_63)
FN:560,(anonymous_64)
FN:572,(anonymous_65)
FN:573,(anonymous_66)
FN:583,(anonymous_67)
FN:584,(anonymous_68)
FN:595,(anonymous_69)
FN:596,(anonymous_70)
FN:606,(anonymous_71)
FN:607,(anonymous_72)
FN:619,(anonymous_73)
FN:620,(anonymous_74)
FN:632,(anonymous_75)
FN:633,(anonymous_76)
FN:645,(anonymous_77)
FN:646,(anonymous_78)
FN:657,(anonymous_79)
FN:676,(anonymous_80)
FN:677,(anonymous_81)
FN:681,(anonymous_82)
FN:696,(anonymous_83)
FN:697,(anonymous_84)
FN:701,(anonymous_85)
FN:716,(anonymous_86)
FN:717,(anonymous_87)
FN:721,(anonymous_88)
FN:722,(anonymous_89)
FN:735,(anonymous_90)
FN:736,(anonymous_91)
FN:756,(anonymous_92)
FN:757,(anonymous_93)
FN:761,(anonymous_94)
FN:771,(anonymous_95)
FN:785,(anonymous_96)
FN:801,(anonymous_97)
FN:803,(anonymous_98)
FN:817,(anonymous_99)
FN:818,(anonymous_100)
FN:832,(anonymous_101)
FN:833,(anonymous_102)
FN:840,(anonymous_103)
FN:847,(anonymous_104)
FN:848,(anonymous_105)
FN:855,(anonymous_106)
FNF:105
FNH:61
FNDA:1,(anonymous_2)
FNDA:14,ProjectStore
FNDA:4,(anonymous_4)
FNDA:1,(anonymous_5)
FNDA:4,(anonymous_6)
FNDA:0,(anonymous_7)
FNDA:0,(anonymous_8)
FNDA:0,(anonymous_9)
FNDA:0,(anonymous_10)
FNDA:0,(anonymous_11)
FNDA:0,(anonymous_12)
FNDA:0,(anonymous_13)
FNDA:0,(anonymous_14)
FNDA:0,(anonymous_15)
FNDA:0,(anonymous_16)
FNDA:0,(anonymous_17)
FNDA:0,(anonymous_18)
FNDA:0,(anonymous_19)
FNDA:0,(anonymous_20)
FNDA:0,(anonymous_21)
FNDA:0,(anonymous_22)
FNDA:0,(anonymous_23)
FNDA:29,(anonymous_24)
FNDA:9,(anonymous_25)
FNDA:0,(anonymous_26)
FNDA:29,(anonymous_27)
FNDA:3,(anonymous_28)
FNDA:3,(anonymous_29)
FNDA:2,(anonymous_30)
FNDA:2,(anonymous_31)
FNDA:2,(anonymous_32)
FNDA:0,(anonymous_33)
FNDA:0,(anonymous_34)
FNDA:1,(anonymous_35)
FNDA:0,(anonymous_36)
FNDA:1,(anonymous_37)
FNDA:1,(anonymous_38)
FNDA:1,(anonymous_39)
FNDA:1,(anonymous_40)
FNDA:1,(anonymous_41)
FNDA:1,(anonymous_42)
FNDA:1,(anonymous_43)
FNDA:1,(anonymous_44)
FNDA:1,(anonymous_45)
FNDA:1,(anonymous_46)
FNDA:1,(anonymous_47)
FNDA:1,(anonymous_48)
FNDA:1,(anonymous_49)
FNDA:1,(anonymous_50)
FNDA:1,(anonymous_51)
FNDA:1,(anonymous_52)
FNDA:1,(anonymous_53)
FNDA:1,(anonymous_54)
FNDA:1,(anonymous_55)
FNDA:1,(anonymous_56)
FNDA:1,(anonymous_57)
FNDA:1,(anonymous_58)
FNDA:1,(anonymous_59)
FNDA:1,(anonymous_60)
FNDA:1,(anonymous_61)
FNDA:1,(anonymous_62)
FNDA:1,(anonymous_63)
FNDA:1,(anonymous_64)
FNDA:2,(anonymous_65)
FNDA:2,(anonymous_66)
FNDA:1,(anonymous_67)
FNDA:1,(anonymous_68)
FNDA:0,(anonymous_69)
FNDA:0,(anonymous_70)
FNDA:1,(anonymous_71)
FNDA:1,(anonymous_72)
FNDA:1,(anonymous_73)
FNDA:1,(anonymous_74)
FNDA:1,(anonymous_75)
FNDA:1,(anonymous_76)
FNDA:1,(anonymous_77)
FNDA:1,(anonymous_78)
FNDA:7,(anonymous_79)
FNDA:1,(anonymous_80)
FNDA:1,(anonymous_81)
FNDA:1,(anonymous_82)
FNDA:1,(anonymous_83)
FNDA:1,(anonymous_84)
FNDA:1,(anonymous_85)
FNDA:0,(anonymous_86)
FNDA:0,(anonymous_87)
FNDA:0,(anonymous_88)
FNDA:0,(anonymous_89)
FNDA:0,(anonymous_90)
FNDA:0,(anonymous_91)
FNDA:0,(anonymous_92)
FNDA:0,(anonymous_93)
FNDA:0,(anonymous_94)
FNDA:0,(anonymous_95)
FNDA:0,(anonymous_96)
FNDA:0,(anonymous_97)
FNDA:0,(anonymous_98)
FNDA:0,(anonymous_99)
FNDA:0,(anonymous_100)
FNDA:0,(anonymous_101)
FNDA:0,(anonymous_102)
FNDA:0,(anonymous_103)
FNDA:0,(anonymous_104)
FNDA:0,(anonymous_105)
FNDA:0,(anonymous_106)
DA:2,1
DA:4,1
DA:5,1
DA:6,1
DA:11,1
DA:12,1
DA:13,1
DA:14,1
DA:21,1
DA:24,14
DA:27,14
DA:30,14
DA:31,14
DA:32,14
DA:33,14
DA:42,4
DA:44,4
DA:46,1
DA:47,1
DA:50,4
DA:58,1
DA:59,0
DA:60,0
DA:61,0
DA:64,0
DA:65,0
DA:67,0
DA:68,0
DA:71,0
DA:73,0
DA:81,1
DA:82,0
DA:83,0
DA:84,0
DA:85,0
DA:86,0
DA:87,0
DA:88,0
DA:89,0
DA:91,0
DA:92,0
DA:94,0
DA:96,0
DA:97,0
DA:99,0
DA:101,0
DA:102,0
DA:104,0
DA:106,0
DA:107,0
DA:109,0
DA:111,0
DA:112,0
DA:114,0
DA:116,0
DA:117,0
DA:123,0
DA:125,0
DA:126,0
DA:135,1
DA:136,0
DA:137,0
DA:139,0
DA:140,0
DA:142,0
DA:151,1
DA:152,0
DA:154,0
DA:155,0
DA:156,0
DA:157,0
DA:158,0
DA:167,1
DA:168,0
DA:169,0
DA:171,0
DA:172,0
DA:174,0
DA:183,1
DA:184,0
DA:186,0
DA:187,0
DA:188,0
DA:189,0
DA:190,0
DA:194,1
DA:195,0
DA:196,0
DA:197,0
DA:198,0
DA:200,0
DA:209,1
DA:210,0
DA:211,0
DA:213,0
DA:214,0
DA:216,0
DA:220,1
DA:221,0
DA:223,0
DA:224,0
DA:225,0
DA:226,0
DA:227,0
DA:236,1
DA:237,0
DA:239,0
DA:240,0
DA:241,0
DA:242,0
DA:243,0
DA:252,29
DA:254,29
DA:255,29
DA:257,9
DA:258,9
DA:260,0
DA:263,29
[...]
DA:161,0
DA:162,0
DA:163,0
DA:168,1
DA:169,0
DA:177,1
DA:178,0
DA:180,0
DA:181,0
DA:182,0
DA:183,0
DA:186,1
LF:99
LH:28
BRDA:70,0,0,0
BRDA:70,0,1,0
BRDA:76,1,0,0
BRDA:76,1,1,0
BRDA:76,2,0,0
BRDA:76,2,1,0
BRDA:76,2,2,0
BRDA:84,3,0,0
BRDA:84,3,1,0
BRDA:95,4,0,0
BRDA:95,4,1,0
BRDA:106,5,0,0
BRDA:106,5,1,0
BRDA:110,6,0,0
BRDA:110,6,1,0
BRDA:118,7,0,0
BRDA:118,7,1,0
BRDA:121,8,0,0
BRDA:121,8,1,0
BRDA:135,9,0,0
BRDA:135,9,1,0
BRDA:151,10,0,0
BRDA:151,10,1,0
BRDA:154,11,0,0
BRDA:154,11,1,0
BRDA:154,12,0,0
BRDA:154,12,1,0
BRDA:158,13,0,0
BRDA:158,13,1,0
BRDA:162,14,0,0
BRDA:162,14,1,0
BRDA:162,15,0,0
BRDA:162,15,1,0
BRDA:179,16,0,0
BRF:34
BRH:0
end_of_record
TN:
SF:/Users/sguiheux/src/github.com/ovh/cds/ui/src/app/shared/workflow/node/delete/workflow.node.delete.component.ts
FN:11,(anonymous_2)
FN:24,WorkflowDeleteNodeComponent
FN:28,(anonymous_4)
FN:33,(anonymous_5)
FNF:4
FNH:1
FNDA:1,(anonymous_2)
FNDA:0,WorkflowDeleteNodeComponent
FNDA:0,(anonymous_4)
FNDA:0,(anonymous_5)
DA:1,1
DA:2,1
DA:4,1
DA:11,1
DA:14,1
DA:17,1
DA:18,1
DA:19,1
DA:20,1
DA:22,0
DA:24,0
DA:28,1
DA:29,0
DA:30,0
DA:33,1
DA:34,0
DA:36,1
LF:17
LH:12
BRF:0
BRH:0
end_of_record
TN:
SF:/Users/sguiheux/src/github.com/ovh/cds/ui/src/app/shared/workflow/node/form/workflow.node.form.component.ts
FN:14,(anonymous_2)
FN:24,WorkflowNodeFormComponent
FN:26,(anonymous_4)
FN:40,(anonymous_5)
FN:47,(anonymous_6)
FN:53,(anonymous_7)
FN:57,(anonymous_8)
FN:59,(anonymous_9)
FN:62,(anonymous_10)
FN:63,(anonymous_11)
FNF:10
FNH:1
FNDA:1,(anonymous_2)
FNDA:0,WorkflowNodeFormComponent
FNDA:0,(anonymous_4)
FNDA:0,(anonymous_5)
FNDA:0,(anonymous_6)
FNDA:0,(anonymous_7)
FNDA:0,(anonymous_8)
FNDA:0,(anonymous_9)
FNDA:0,(anonymous_10)
FNDA:0,(anonymous_11)
DA:1,1
DA:2,1
DA:3,1
DA:4,1
DA:5,1
DA:6,1
DA:7,1
DA:14,1
DA:16,1
DA:17,1
DA:18,1
DA:24,0
DA:26,1
DA:27,0
DA:28,0
DA:29,0
DA:30,0
DA:31,0
DA:33,0
DA:34,0
DA:35,0
DA:36,0
DA:37,0
DA:40,1
DA:41,0
DA:42,0
DA:43,0
DA:44,0
DA:47,1
DA:48,0
DA:49,0
DA:50,0
DA:51,0
DA:53,0
DA:54,0
DA:55,0
DA:57,0
DA:60,0
DA:61,0
DA:62,0
DA:63,0
DA:64,0
DA:65,0
DA:66,0
DA:67,0
DA:68,0
DA:74,0
DA:75,0
DA:76,0
DA:77,0
DA:80,1
LF:51
LH:15
BRDA:30,0,0,0
BRDA:30,0,1,0
BRDA:36,1,0,0
BRDA:36,1,1,0
BRDA:54,2,0,0
BRDA:54,2,1,0
BRDA:54,3,0,0
BRDA:54,3,1,0
BRDA:64,4,0,0
BRDA:64,4,1,0
BRF:10
BRH:0
end_of_record
TN:
SF:/Users/sguiheux/src/github.com/ovh/cds/ui/src/app/shared/workflow/node/hook/hook.component.ts
FN:12,(anonymous_2)
FN:39,WorkflowNodeHookComponent
FN:41,(anonymous_4)
FN:26,(anonymous_5)
FN:16,(anonymous_6)
FN:50,(anonymous_7)
FN:55,(anonymous_8)
FNF:7
FNH:1
FNDA:1,(anonymous_2)
FNDA:0,WorkflowNodeHookComponent
FNDA:0,(anonymous_4)
FNDA:0,(anonymous_5)
FNDA:0,(anonymous_6)
FNDA:0,(anonymous_7)
FNDA:0,(anonymous_8)
DA:1,1
DA:3,1
DA:4,1
DA:5,1
DA:12,1
DA:16,2
DA:17,0
DA:18,0
DA:19,0
DA:20,0
DA:22,0
DA:27,0
DA:29,1
DA:30,1
DA:31,1
DA:32,1
DA:35,0
DA:36,0
DA:39,0
DA:41,0
DA:42,0
DA:43,0
DA:44,0
DA:46,0
DA:50,1
DA:51,0
DA:52,0
DA:55,1
DA:56,0
DA:57,0
DA:59,0
DA:61,1
LF:32
LH:13
BRDA:42,0,0,0
BRDA:42,0,1,0
BRDA:42,1,0,0
BRDA:42,1,1,0
BRDA:17,2,0,0
BRDA:17,2,1,0
BRDA:19,3,0,0
BRDA:19,3,1,0
BRDA:56,4,0,0
BRDA:56,4,1,0
BRF:10
BRH:0
end_of_record
TN:
SF:/Users/sguiheux/src/github.com/ovh/cds/ui/src/app/shared/workflow/node/hook/hook.event.ts
FN:3,(anonymous_0)
FN:7,HookEvent
FNF:2
FNH:1
FNDA:1,(anonymous_0)
FNDA:0,HookEvent
DA:3,1
DA:8,0
DA:9,0
DA:11,1
LF:4
LH:2
BRF:0
BRH:0
end_of_record
TN:
SF:/Users/sguiheux/src/github.com/ovh/cds/ui/src/app/shared/workflow/node/hook/details/hook.details.component.ts
FN:12,(anonymous_2)
FN:23,WorkflowNodeHookDetailsComponent
FN:34,(anonymous_4)
FNF:3
FNH:1
FNDA:1,(anonymous_2)
FNDA:0,WorkflowNodeHookDetailsComponent
FNDA:0,(anonymous_4)
DA:1,1
DA:2,1
DA:3,1
DA:12,1
DA:17,1
DA:23,0
DA:24,0
DA:34,1
DA:35,0
DA:36,0
DA:37,0
DA:38,0
DA:39,0
DA:41,0
DA:45,0
DA:46,0
DA:48,1
LF:17
LH:7
BRDA:36,0,0,0
BRDA:36,0,1,0
BRDA:36,1,0,0
BRDA:36,1,1,0
BRF:4
BRH:0
end_of_record
TN:
SF:/Users/sguiheux/src/github.com/ovh/cds/ui/src/app/shared/workflow/node/hook/form/hook.form.component.ts
FN:23,(anonymous_2)
FN:68,WorkflowNodeHookFormComponent
FN:44,(anonymous_4)
FN:34,(anonymous_5)
FN:39,(anonymous_6)
FN:78,(anonymous_7)
FN:84,(anonymous_8)
FN:85,(anonymous_9)
FN:96,(anonymous_10)
FN:101,(anonymous_11)
FN:104,(anonymous_12)
FN:114,(anonymous_13)
FN:123,(anonymous_14)
FN:127,(anonymous_15)
FN:131,(anonymous_16)
FN:142,(anonymous_17)
FN:143,(anonymous_18)
FN:145,(anonymous_19)
FNF:18
FNH:1
FNDA:1,(anonymous_2)
FNDA:0,WorkflowNodeHookFormComponent
FNDA:0,(anonymous_4)
FNDA:0,(anonymous_5)
FNDA:0,(anonymous_6)
FNDA:0,(anonymous_7)
FNDA:0,(anonymous_8)
FNDA:0,(anonymous_9)
FNDA:0,(anonymous_10)
FNDA:0,(anonymous_11)
FNDA:0,(anonymous_12)
FNDA:0,(anonymous_13)
FNDA:0,(anonymous_14)
FNDA:0,(anonymous_15)
FNDA:0,(anonymous_16)
FNDA:0,(anonymous_17)
FNDA:0,(anonymous_18)
FNDA:0,(anonymous_19)
DA:2,1
DA:3,1
DA:4,1
DA:6,1
DA:7,1
DA:9,1
DA:11,1
DA:14,1
DA:15,1
DA:16,1
DA:23,1
DA:25,0
DA:26,0
DA:28,1
DA:29,1
DA:30,1
DA:31,1
DA:32,1
DA:33,0
DA:34,2
DA:35,0
DA:36,0
DA:37,0
DA:38,0
DA:39,0
DA:41,0
DA:45,0
DA:48,1
DA:54,0
DA:55,0
DA:56,0
DA:57,0
DA:64,1
DA:68,0
DA:69,0
DA:78,1
DA:79,0
DA:80,0
DA:81,0
DA:84,1
DA:85,0
DA:86,0
DA:87,0
DA:89,0
DA:90,0
DA:96,1
DA:97,0
DA:98,0
DA:102,0
DA:103,0
DA:104,0
DA:106,0
DA:107,0
DA:109,0
DA:110,0
DA:114,0
DA:118,0
DA:119,0
DA:120,0
DA:123,1
DA:124,0
DA:127,1
DA:128,0
DA:131,1
DA:132,0
DA:133,0
DA:134,0
DA:135,0
DA:137,0
DA:142,1
DA:143,0
DA:144,0
DA:145,0
DA:148,1
LF:74
LH:27
BRDA:35,0,0,0
BRDA:35,0,1,0
BRDA:38,1,0,0
BRDA:38,1,1,0
BRDA:86,2,0,0
BRDA:86,2,1,0
BRDA:89,3,0,0
BRDA:89,3,1,0
BRDA:103,4,0,0
BRDA:103,4,1,0
BRDA:103,5,0,0
BRDA:103,5,1,0
BRDA:106,6,0,0
BRDA:106,6,1,0
BRDA:106,7,0,0
BRDA:106,7,1,0
BRDA:132,8,0,0
BRDA:132,8,1,0
BRDA:144,9,0,0
BRDA:144,9,1,0
BRDA:144,10,0,0
BRDA:144,10,1,0
BRDA:144,10,2,0
BRF:23
BRH:0
end_of_record
TN:
SF:/Users/sguiheux/src/github.com/ovh/cds/ui/src/app/shared/workflow/node/run/node.run.param.component.ts
FN:28,(anonymous_2)
FN:79,WorkflowNodeRunParamComponent
FN:56,(anonymous_4)
FN:45,(anonymous_5)
FN:91,(anonymous_6)
FN:111,(anonymous_7)
FN:147,(anonymous_8)
FN:172,(anonymous_9)
FN:173,(anonymous_10)
FN:173,(anonymous_11)
FN:180,(anonymous_12)
FN:192,(anonymous_13)
FN:225,(anonymous_14)
FN:227,(anonymous_15)
FN:230,(anonymous_16)
FN:250,(anonymous_17)
FN:254,(anonymous_18)
FN:269,(anonymous_19)
FN:280,(anonymous_20)
FN:287,(anonymous_21)
FN:289,(anonymous_22)
FN:295,(anonymous_23)
FN:316,(anonymous_24)
FN:318,(anonymous_25)
FN:327,(anonymous_26)
FN:337,(anonymous_27)
FN:345,(anonymous_28)
FN:351,(anonymous_29)
FNF:28
FNH:1
FNDA:1,(anonymous_2)
FNDA:0,WorkflowNodeRunParamComponent
FNDA:0,(anonymous_4)
FNDA:0,(anonymous_5)
FNDA:0,(anonymous_6)
FNDA:0,(anonymous_7)
FNDA:0,(anonymous_8)
FNDA:0,(anonymous_9)
FNDA:0,(anonymous_10)
FNDA:0,(anonymous_11)
FNDA:0,(anonymous_12)
FNDA:0,(anonymous_13)
FNDA:0,(anonymous_14)
FNDA:0,(anonymous_15)
FNDA:0,(anonymous_16)
FNDA:0,(anonymous_17)
FNDA:0,(anonymous_18)
FNDA:0,(anonymous_19)
FNDA:0,(anonymous_20)
FNDA:0,(anonymous_21)
FNDA:0,(anonymous_22)
FNDA:0,(anonymous_23)
FNDA:0,(anonymous_24)
FNDA:0,(anonymous_25)
FNDA:0,(anonymous_26)
FNDA:0,(anonymous_27)
FNDA:0,(anonymous_28)
FNDA:0,(anonymous_29)
DA:1,1
DA:2,1
DA:3,1
DA:4,1
DA:5,1
DA:6,1
DA:8,1
DA:9,1
DA:10,1
DA:11,1
DA:13,1
DA:14,1
DA:15,1
DA:16,1
DA:17,1
DA:18,1
DA:19,1
DA:28,1
DA:31,1
DA:35,1
DA:37,1
DA:38,1
DA:39,1
DA:40,1
DA:41,1
DA:42,1
DA:45,2
DA:46,0
DA:47,0
DA:48,0
DA:49,0
DA:50,0
DA:51,0
DA:57,0
DA:64,0
DA:68,0
DA:69,0
DA:72,0
DA:73,0
DA:74,0
DA:75,0
DA:76,0
DA:77,0
DA:79,0
DA:80,0
DA:81,0
DA:82,0
DA:91,1
DA:95,0
DA:96,0
DA:97,0
DA:98,0
DA:99,0
DA:100,0
DA:101,0
DA:107,0
DA:108,0
DA:109,0
DA:112,0
DA:113,0
DA:114,0
DA:115,0
DA:118,0
DA:119,0
DA:120,0
DA:121,0
DA:125,0
DA:128,0
DA:129,0
DA:130,0
DA:131,0
DA:132,0
DA:135,0
DA:136,0
DA:138,0
DA:139,0
DA:140,0
DA:141,0
DA:143,0
DA:147,1
DA:148,0
DA:149,0
DA:150,0
DA:151,0
DA:153,0
DA:154,0
DA:155,0
DA:158,0
DA:160,0
DA:162,0
DA:164,0
DA:165,0
DA:168,0
DA:169,0
DA:170,0
DA:171,0
DA:172,0
DA:173,0
DA:176,0
DA:177,0
DA:178,0
DA:181,0
DA:182,0
DA:186,0
DA:187,0
DA:192,1
DA:194,0
DA:196,0
DA:197,0
DA:198,0
DA:199,0
DA:201,0
DA:202,0
DA:206,0
DA:207,0
DA:208,0
DA:211,0
DA:212,0
DA:215,0
DA:216,0
DA:219,0
DA:220,0
DA:221,0
DA:222,0
DA:225,0
DA:227,0
DA:230,1
DA:231,0
DA:232,0
DA:233,0
DA:234,0
DA:235,0
DA:236,0
DA:237,0
DA:239,0
DA:240,0
DA:241,0
DA:243,0
DA:247,0
DA:250,1
DA:251,0
DA:254,1
DA:256,0
DA:257,0
DA:259,0
DA:260,0
DA:261,0
DA:263,0
DA:264,0
DA:266,0
DA:269,1
DA:270,0
DA:271,0
DA:274,0
DA:275,0
DA:280,1
DA:281,0
DA:282,0
DA:283,0
DA:285,0
DA:286,0
DA:288,0
DA:290,0
DA:291,0
DA:295,1
DA:296,0
DA:297,0
DA:298,0
DA:299,0
DA:302,0
DA:303,0
DA:304,0
DA:305,0
DA:307,0
DA:308,0
DA:309,0
DA:310,0
DA:311,0
DA:312,0
DA:315,0
DA:316,0
DA:317,0
DA:319,0
DA:320,0
DA:322,0
DA:323,0
DA:327,1
DA:328,0
DA:329,0
DA:330,0
DA:332,0
DA:333,0
DA:336,0
DA:337,0
DA:338,0
DA:339,0
DA:344,0
DA:345,0
DA:346,0
DA:351,1
DA:352,0
DA:359,1
LF:202
LH:39
BRDA:46,0,0,0
BRDA:46,0,1,0
BRDA:49,1,0,0
BRDA:49,1,1,0
BRDA:51,2,0,0
BRDA:51,2,1,0
BRDA:95,3,0,0
BRDA:95,3,1,0
BRDA:98,4,0,0
BRDA:98,4,1,0
BRDA:107,5,0,0
BRDA:107,5,1,0
BRDA:107,6,0,0
BRDA:107,6,1,0
BRDA:112,7,0,0
BRDA:112,7,1,0
BRDA:112,8,0,0
BRDA:112,8,1,0
BRDA:114,9,0,0
BRDA:114,9,1,0
BRDA:118,10,0,0
BRDA:118,10,1,0
BRDA:118,11,0,0
BRDA:118,11,1,0
BRDA:120,12,0,0
BRDA:120,12,1,0
BRDA:129,13,0,0
BRDA:129,13,1,0
BRDA:131,14,0,0
BRDA:131,14,1,0
BRDA:131,15,0,0
BRDA:131,15,1,0
BRDA:138,16,0,0
BRDA:138,16,1,0
BRDA:154,17,0,0
BRDA:154,17,1,0
BRDA:164,18,0,0
BRDA:164,18,1,0
BRDA:168,19,0,0
BRDA:168,19,1,0
BRDA:169,20,0,0
BRDA:169,20,1,0
BRDA:176,21,0,0
BRDA:176,21,1,0
BRDA:186,22,0,0
BRDA:186,22,1,0
BRDA:196,23,0,0
BRDA:196,23,1,0
BRDA:196,24,0,0
BRDA:196,24,1,0
BRDA:206,25,0,0
BRDA:206,25,1,0
BRDA:211,26,0,0
BRDA:211,26,1,0
BRDA:211,27,0,0
BRDA:211,27,1,0
BRDA:215,28,0,0
BRDA:215,28,1,0
BRDA:215,29,0,0
BRDA:215,29,1,0
BRDA:215,29,2,0
BRDA:215,29,3,0
BRDA:232,30,0,0
BRDA:232,30,1,0
BRDA:232,31,0,0
BRDA:232,31,1,0
BRDA:234,32,0,0
BRDA:234,32,1,0
BRDA:236,33,0,0
BRDA:236,33,1,0
BRDA:239,34,0,0
BRDA:239,34,1,0
BRDA:240,35,0,0
BRDA:240,35,1,0
BRDA:240,36,0,0
BRDA:240,36,1,0
BRDA:256,37,0,0
BRDA:256,37,1,0
BRDA:270,38,0,0
BRDA:270,38,1,0
BRDA:282,39,0,0
BRDA:282,39,1,0
BRDA:296,40,0,0
BRDA:296,40,1,0
BRDA:296,41,0,0
BRDA:296,41,1,0
BRDA:298,42,0,0
BRDA:298,42,1,0
BRDA:304,43,0,0
BRDA:304,43,1,0
BRDA:307,44,0,0
BRDA:307,44,1,0
BRDA:310,45,0,0
BRDA:310,45,1,0
BRDA:310,46,0,0
BRDA:310,46,1,0
BRDA:329,47,0,0
BRDA:329,47,1,0
BRDA:329,48,0,0
BRDA:329,48,1,0
BRDA:332,49,0,0
BRDA:332,49,1,0
BRDA:336,50,0,0
BRDA:336,50,1,0
BRDA:338,51,0,0
BRDA:338,51,1,0
BRDA:338,52,0,0
BRDA:338,52,1,0
BRDA:344,53,0,0
BRDA:344,53,1,0
BRDA:346,54,0,0
BRDA:346,54,1,0
BRF:112
BRH:0
end_of_record
TN:
SF:/Users/sguiheux/src/github.com/ovh/cds/ui/src/app/shared/workflow/node/wizard/node.wizard.component.ts
FN:24,(anonymous_2)
FN:99,WorkflowNodeAddWizardComponent
FN:30,(anonymous_4)
FN:27,(anonymous_5)
FN:52,(anonymous_6)
FN:45,(anonymous_7)
FN:62,(anonymous_8)
FN:58,(anonymous_9)
FN:76,(anonymous_10)
FN:69,(anonymous_11)
FN:92,(anonymous_12)
FN:85,(anonymous_13)
FN:108,(anonymous_14)
FN:133,(anonymous_15)
FN:137,(anonymous_16)
FN:155,(anonymous_17)
FN:166,(anonymous_18)
FN:168,(anonymous_19)
FN:176,(anonymous_20)
FN:179,(anonymous_21)
FN:185,(anonymous_22)
FN:195,(anonymous_23)
FN:197,(anonymous_24)
FN:205,(anonymous_25)
FN:208,(anonymous_26)
FN:214,(anonymous_27)
FN:219,(anonymous_28)
FN:221,(anonymous_29)
FN:223,(anonymous_30)
FN:233,(anonymous_31)
FN:236,(anonymous_32)
FN:246,(anonymous_33)
FN:251,(anonymous_34)
FNF:33
FNH:1
FNDA:1,(anonymous_2)
FNDA:0,WorkflowNodeAddWizardComponent
FNDA:0,(anonymous_4)
FNDA:0,(anonymous_5)
FNDA:0,(anonymous_6)
FNDA:0,(anonymous_7)
FNDA:0,(anonymous_8)
FNDA:0,(anonymous_9)
FNDA:0,(anonymous_10)
FNDA:0,(anonymous_11)
FNDA:0,(anonymous_12)
FNDA:0,(anonymous_13)
FNDA:0,(anonymous_14)
FNDA:0,(anonymous_15)
FNDA:0,(anonymous_16)
FNDA:0,(anonymous_17)
FNDA:0,(anonymous_18)
FNDA:0,(anonymous_19)
FNDA:0,(anonymous_20)
FNDA:0,(anonymous_21)
FNDA:0,(anonymous_22)
FNDA:0,(anonymous_23)
FNDA:0,(anonymous_24)
FNDA:0,(anonymous_25)
FNDA:0,(anonymous_26)
FNDA:0,(anonymous_27)
FNDA:0,(anonymous_28)
FNDA:0,(anonymous_29)
FNDA:0,(anonymous_30)
FNDA:0,(anonymous_31)
FNDA:0,(anonymous_32)
FNDA:0,(anonymous_33)
FNDA:0,(anonymous_34)
DA:2,1
DA:4,1
DA:5,1
DA:6,1
DA:7,1
DA:8,1
DA:9,1
DA:10,1
DA:11,1
DA:12,1
DA:13,1
DA:14,1
DA:15,1
DA:16,1
DA:17,1
DA:24,1
DA:27,2
DA:28,0
DA:31,0
DA:33,1
DA:34,1
DA:35,1
DA:36,1
DA:39,0
DA:40,0
DA:41,0
DA:42,0
DA:45,1
DA:46,0
DA:47,0
DA:48,0
DA:49,0
DA:53,0
DA:55,0
DA:56,0
DA:57,0
DA:58,1
DA:59,0
DA:60,0
DA:63,0
DA:65,0
DA:66,0
DA:69,1
DA:70,0
DA:71,0
DA:72,0
DA:73,0
DA:77,0
DA:79,0
DA:80,0
DA:81,0
DA:82,0
DA:85,1
DA:86,0
DA:87,0
DA:88,0
DA:89,0
DA:93,0
DA:95,0
DA:96,0
DA:97,0
DA:99,0
DA:100,0
DA:101,0
DA:102,0
DA:103,0
DA:104,0
DA:108,1
DA:109,0
DA:110,0
DA:112,0
DA:113,0
DA:115,0
DA:116,0
DA:119,0
DA:120,0
DA:121,0
DA:122,0
DA:123,0
DA:125,0
DA:126,0
DA:127,0
DA:128,0
DA:129,0
DA:133,1
DA:134,0
DA:137,1
DA:138,0
DA:139,0
DA:140,0
DA:142,0
DA:143,0
DA:145,0
DA:146,0
DA:148,0
DA:149,0
DA:152,0
DA:155,1
DA:156,0
DA:157,0
DA:158,0
DA:161,0
DA:162,0
DA:163,0
DA:166,0
DA:169,0
DA:170,0
DA:171,0
DA:172,0
DA:176,1
DA:177,0
DA:178,0
DA:179,0
DA:181,0
DA:182,0
DA:185,1
DA:186,0
DA:187,0
DA:188,0
DA:191,0
DA:192,0
DA:195,0
DA:198,0
DA:199,0
DA:200,0
DA:201,0
DA:205,1
DA:206,0
DA:207,0
DA:208,0
DA:210,0
DA:211,0
DA:214,1
DA:215,0
DA:216,0
DA:219,0
DA:222,0
DA:223,0
DA:224,0
DA:225,0
DA:227,0
DA:229,0
DA:233,1
DA:234,0
DA:235,0
DA:236,0
DA:238,0
DA:239,0
DA:240,0
DA:242,0
DA:243,0
DA:246,1
DA:247,0
DA:248,0
DA:251,1
DA:252,0
DA:254,0
DA:256,0
DA:258,0
DA:260,0
DA:263,1
LF:161
LH:37
BRDA:47,0,0,0
BRDA:47,0,1,0
BRDA:71,1,0,0
BRDA:71,1,1,0
BRDA:87,2,0,0
BRDA:87,2,1,0
BRDA:109,3,0,0
BRDA:109,3,1,0
BRDA:109,4,0,0
BRDA:109,4,1,0
BRDA:112,5,0,0
BRDA:112,5,1,0
BRDA:112,6,0,0
BRDA:112,6,1,0
BRDA:115,7,0,0
BRDA:115,7,1,0
BRDA:115,8,0,0
BRDA:115,8,1,0
BRDA:119,9,0,0
BRDA:119,9,1,0
BRDA:125,10,0,0
BRDA:125,10,1,0
BRDA:139,11,0,0
BRDA:139,11,1,0
BRDA:142,12,0,0
BRDA:142,12,1,0
BRDA:145,13,0,0
BRDA:145,13,1,0
BRDA:148,14,0,0
BRDA:148,14,1,0
BRDA:156,15,0,0
BRDA:156,15,1,0
BRDA:177,16,0,0
BRDA:177,16,1,0
BRDA:186,17,0,0
BRDA:186,17,1,0
BRDA:206,18,0,0
BRDA:206,18,1,0
BRDA:206,19,0,0
BRDA:206,19,1,0
BRDA:224,20,0,0
BRDA:224,20,1,0
BRDA:234,21,0,0
BRDA:234,21,1,0
BRDA:234,22,0,0
BRDA:234,22,1,0
BRDA:238,23,0,0
BRDA:238,23,1,0
BRDA:253,24,0,0
BRDA:253,24,1,0
BRDA:253,24,2,0
BRDA:253,24,3,0
BRF:52
BRH:0
end_of_record
TN:
SF:/Users/sguiheux/src/github.com/ovh/cds/ui/src/app/shared/workflow/trigger/workflow.trigger.component.ts
FN:17,(anonymous_2)
FN:35,WorkflowTriggerComponent
FN:38,(anonymous_4)
FN:43,(anonymous_5)
FN:47,(anonymous_6)
FN:51,(anonymous_7)
FN:55,(anonymous_8)
FN:58,(anonymous_9)
FN:59,(anonymous_10)
FN:76,(anonymous_11)
FN:77,(anonymous_12)
FNF:11
FNH:1
FNDA:1,(anonymous_2)
FNDA:0,WorkflowTriggerComponent
FNDA:0,(anonymous_4)
FNDA:0,(anonymous_5)
FNDA:0,(anonymous_6)
FNDA:0,(anonymous_7)
FNDA:0,(anonymous_8)
FNDA:0,(anonymous_9)
FNDA:0,(anonymous_10)
FNDA:0,(anonymous_11)
FNDA:0,(anonymous_12)
DA:1,1
DA:2,1
DA:4,1
DA:5,1
DA:6,1
DA:7,1
DA:10,1
DA:17,1
DA:20,1
DA:24,1
DA:26,1
DA:27,1
DA:28,1
DA:29,1
DA:30,1
DA:31,1
DA:33,0
DA:35,0
DA:38,1
DA:39,0
DA:40,0
DA:43,1
DA:44,0
DA:47,1
DA:48,0
DA:51,1
DA:52,0
DA:55,1
DA:56,0
DA:57,0
DA:58,0
DA:60,0
DA:61,0
DA:62,0
DA:64,0
DA:65,0
DA:66,0
DA:67,0
DA:68,0
DA:69,0
DA:70,0
DA:72,0
DA:76,1
DA:77,0
DA:78,0
DA:79,0
DA:81,0
DA:85,1
LF:48
LH:23
BRDA:60,0,0,0
BRDA:60,0,1,0
BRDA:61,1,0,0
BRDA:61,1,1,0
BRDA:78,2,0,0
BRDA:78,2,1,0
BRF:6
BRH:0
end_of_record
TN:
SF:/Users/sguiheux/src/github.com/ovh/cds/ui/src/app/shared/zone/zone.component.ts
FN:8,(anonymous_2)
FN:13,ZoneComponent
FNF:2
FNH:1
FNDA:1,(anonymous_2)
FNDA:0,ZoneComponent
DA:1,1
DA:8,1
DA:10,1
DA:11,1
DA:14,1
LF:5
LH:5
BRF:0
BRH:0
end_of_record
TN:
SF:/Users/sguiheux/src/github.com/ovh/cds/ui/src/app/shared/zone/zone-content/content.component.ts
FN:8,(anonymous_2)
FN:12,ZoneContentComponent
FNF:2
FNH:1
FNDA:1,(anonymous_2)
FNDA:0,ZoneContentComponent
DA:1,1
DA:8,1
DA:10,1
DA:13,1
LF:4
LH:4
BRF:0
BRH:0
end_of_record
TN:
SF:/Users/sguiheux/src/github.com/ovh/cds/ui/src/app/views/navbar/navbar.component.ts
FN:27,(anonymous_2)
FN:59,NavbarComponent
FN:68,(anonymous_4)
FN:72,(anonymous_5)
FN:77,(anonymous_6)
FN:78,(anonymous_7)
FN:83,(anonymous_8)
FN:87,(anonymous_9)
FN:88,(anonymous_10)
FN:93,(anonymous_11)
FN:95,(anonymous_12)
FN:102,(anonymous_13)
FN:106,(anonymous_14)
FN:108,(anonymous_15)
FN:122,(anonymous_16)
FN:126,(anonymous_17)
FN:132,(anonymous_18)
FN:140,(anonymous_19)
FN:153,(anonymous_20)
FN:154,(anonymous_21)
FN:159,(anonymous_22)
FN:170,(anonymous_23)
FN:199,(anonymous_24)
FN:200,(anonymous_25)
FN:201,(anonymous_26)
FN:203,(anonymous_27)
FN:205,(anonymous_28)
FN:207,(anonymous_29)
FN:211,(anonymous_30)
FN:227,(anonymous_31)
FN:243,(anonymous_32)
FN:247,(anonymous_33)
FN:254,(anonymous_34)
FN:261,(anonymous_35)
FN:265,(anonymous_36)
FN:269,(anonymous_37)
FNF:36
FNH:1
FNDA:1,(anonymous_2)
FNDA:0,NavbarComponent
FNDA:0,(anonymous_4)
FNDA:0,(anonymous_5)
FNDA:0,(anonymous_6)
FNDA:0,(anonymous_7)
FNDA:0,(anonymous_8)
FNDA:0,(anonymous_9)
FNDA:0,(anonymous_10)
FNDA:0,(anonymous_11)
FNDA:0,(anonymous_12)
FNDA:0,(anonymous_13)
FNDA:0,(anonymous_14)
FNDA:0,(anonymous_15)
FNDA:0,(anonymous_16)
FNDA:0,(anonymous_17)
FNDA:0,(anonymous_18)
FNDA:0,(anonymous_19)
FNDA:0,(anonymous_20)
FNDA:0,(anonymous_21)
FNDA:0,(anonymous_22)
FNDA:0,(anonymous_23)
FNDA:0,(anonymous_24)
FNDA:0,(anonymous_25)
FNDA:0,(anonymous_26)
FNDA:0,(anonymous_27)
FNDA:0,(anonymous_28)
FNDA:0,(anonymous_29)
FNDA:0,(anonymous_30)
FNDA:0,(anonymous_31)
FNDA:0,(anonymous_32)
FNDA:0,(anonymous_33)
FNDA:0,(anonymous_34)
FNDA:0,(anonymous_35)
FNDA:0,(anonymous_36)
FNDA:0,(anonymous_37)
DA:1,1
DA:2,1
DA:3,1
DA:7,1
DA:12,1
DA:13,1
DA:14,1
DA:15,1
DA:16,1
DA:17,1
DA:18,1
DA:19,1
DA:27,1
DA:30,0
DA:33,0
DA:34,0
DA:37,0
DA:38,0
DA:39,0
DA:40,0
DA:41,0
DA:42,0
DA:43,0
DA:54,0
DA:59,0
DA:60,0
DA:61,0
DA:62,0
DA:63,0
DA:64,0
DA:65,0
DA:66,0
DA:67,0
DA:68,0
DA:69,0
DA:72,0
DA:73,0
DA:76,0
DA:77,0
DA:79,0
DA:83,1
DA:84,0
DA:87,1
DA:88,0
DA:89,0
DA:93,1
DA:95,0
DA:96,0
DA:97,0
DA:102,0
DA:103,0
DA:104,0
DA:105,0
DA:106,0
DA:108,0
DA:116,0
DA:117,0
DA:122,0
DA:123,0
DA:124,0
DA:125,0
DA:126,0
DA:132,0
DA:134,0
DA:135,0
DA:140,1
DA:141,0
DA:142,0
DA:144,0
DA:145,0
DA:146,0
DA:153,1
DA:154,0
DA:155,0
DA:156,0
DA:157,0
DA:158,0
DA:159,0
DA:160,0
DA:161,0
DA:162,0
DA:163,0
DA:165,0
DA:167,0
DA:170,0
DA:171,0
DA:173,0
DA:180,0
DA:182,0
DA:189,0
DA:191,0
DA:195,0
DA:198,0
DA:200,0
DA:201,0
DA:202,0
DA:203,0
DA:204,0
DA:205,0
DA:206,0
DA:207,0
DA:211,1
DA:212,0
DA:213,0
DA:215,0
DA:217,0
DA:218,0
DA:220,0
DA:221,0
DA:223,0
DA:227,1
DA:228,0
DA:229,0
DA:230,0
DA:231,0
DA:232,0
DA:233,0
DA:236,0
DA:243,1
DA:244,0
DA:247,1
DA:248,0
DA:254,1
DA:255,0
DA:261,1
DA:262,0
DA:265,1
DA:266,0
DA:269,1
DA:270,0
DA:271,0
DA:274,1
LF:132
LH:27
BRDA:96,0,0,0
BRDA:96,0,1,0
BRDA:103,1,0,0
BRDA:103,1,1,0
BRDA:123,2,0,0
BRDA:123,2,1,0
BRDA:141,3,0,0
BRDA:141,3,1,0
BRDA:141,4,0,0
BRDA:141,4,1,0
BRDA:141,4,2,0
BRDA:155,5,0,0
BRDA:155,5,1,0
BRDA:155,6,0,0
BRDA:155,6,1,0
BRDA:160,7,0,0
BRDA:160,7,1,0
BRDA:160,8,0,0
BRDA:160,8,1,0
BRDA:161,9,0,0
BRDA:161,9,1,0
BRDA:161,10,0,0
BRDA:161,10,1,0
BRDA:172,11,0,0
BRDA:172,11,1,0
BRDA:172,11,2,0
BRDA:200,12,0,0
BRDA:200,12,1,0
BRDA:201,13,0,0
BRDA:201,13,1,0
BRDA:212,14,0,0
BRDA:212,14,1,0
BRDA:216,15,0,0
BRDA:216,15,1,0
BRDA:216,15,2,0
BRDA:230,16,0,0
BRDA:230,16,1,0
BRDA:232,17,0,0
BRDA:232,17,1,0
BRF:39
BRH:0
end_of_record
TN:
SF:/Users/sguiheux/src/github.com/ovh/cds/ui/src/app/views/navbar/navbar.module.ts
FN:14,(anonymous_1)
FNF:1
FNH:1
FNDA:22,(anonymous_1)
DA:1,1
DA:2,1
DA:3,1
DA:4,1
DA:14,1
DA:15,1
LF:6
LH:6
BRF:0
BRH:0
end_of_record
TN:
SF:/Users/sguiheux/src/github.com/ovh/cds/ui/src/environments/environment.ts
FNF:0
FNH:0
DA:1,1
LF:1
LH:1
BRF:0
BRH:0
end_of_record